2025-10-24 08:07:57,659 ----------------------------------------------------------------------------------------------------
2025-10-24 08:07:57,660 Model: "SequenceTagger(
  (embeddings): StackedEmbeddings(
    (list_embedding_0): WordEmbeddings(
      'glove'
      (embedding): Embedding(400001, 100)
    )
    (list_embedding_1): FlairEmbeddings(
      (lm): LanguageModel(
        (drop): Dropout(p=0.05, inplace=False)
        (encoder): Embedding(300, 100)
        (rnn): LSTM(100, 2048)
      )
    )
    (list_embedding_2): FlairEmbeddings(
      (lm): LanguageModel(
        (drop): Dropout(p=0.05, inplace=False)
        (encoder): Embedding(300, 100)
        (rnn): LSTM(100, 2048)
      )
    )
  )
  (word_dropout): WordDropout(p=0.05)
  (locked_dropout): LockedDropout(p=0.5)
  (embedding2nn): Linear(in_features=4196, out_features=4196, bias=True)
  (rnn): LSTM(4196, 256, batch_first=True, bidirectional=True)
  (linear): Linear(in_features=512, out_features=19, bias=True)
  (loss_function): ViterbiLoss()
  (crf): CRF()
)"
2025-10-24 08:07:57,662 ----------------------------------------------------------------------------------------------------
2025-10-24 08:07:57,664 Corpus: 12291 train + 3466 dev + 3684 test sentences
2025-10-24 08:07:57,667 ----------------------------------------------------------------------------------------------------
2025-10-24 08:07:57,669 Train:  12291 sentences
2025-10-24 08:07:57,671         (train_with_dev=False, train_with_test=False)
2025-10-24 08:07:57,673 ----------------------------------------------------------------------------------------------------
2025-10-24 08:07:57,674 Training Params:
2025-10-24 08:07:57,676  - learning_rate: "0.1" 
2025-10-24 08:07:57,678  - mini_batch_size: "32"
2025-10-24 08:07:57,680  - max_epochs: "10"
2025-10-24 08:07:57,682  - shuffle: "True"
2025-10-24 08:07:57,683 ----------------------------------------------------------------------------------------------------
2025-10-24 08:07:57,684 Plugins:
2025-10-24 08:07:57,684  - AnnealOnPlateau | patience: '3', anneal_factor: '0.5', min_learning_rate: '0.0001'
2025-10-24 08:07:57,685 ----------------------------------------------------------------------------------------------------
2025-10-24 08:07:57,686 Final evaluation on model from best epoch (best-model.pt)
2025-10-24 08:07:57,686  - metric: "('micro avg', 'f1-score')"
2025-10-24 08:07:57,687 ----------------------------------------------------------------------------------------------------
2025-10-24 08:07:57,688 Computation:
2025-10-24 08:07:57,689  - compute on device: cuda:0
2025-10-24 08:07:57,690  - embedding storage: cpu
2025-10-24 08:07:57,690 ----------------------------------------------------------------------------------------------------
2025-10-24 08:07:57,691 Model training base path: "resources/taggers/model_chunk_6"
2025-10-24 08:07:57,692 ----------------------------------------------------------------------------------------------------
2025-10-24 08:07:57,693 ----------------------------------------------------------------------------------------------------
2025-10-24 08:08:11,348 epoch 1 - iter 38/385 - loss 0.79629303 - time (sec): 13.65 - samples/sec: 1192.33 - lr: 0.100000 - momentum: 0.000000
2025-10-24 08:08:24,731 epoch 1 - iter 76/385 - loss 0.59233396 - time (sec): 27.04 - samples/sec: 1199.95 - lr: 0.100000 - momentum: 0.000000
2025-10-24 08:08:38,408 epoch 1 - iter 114/385 - loss 0.48553483 - time (sec): 40.71 - samples/sec: 1189.78 - lr: 0.100000 - momentum: 0.000000
2025-10-24 08:08:51,975 epoch 1 - iter 152/385 - loss 0.41735885 - time (sec): 54.28 - samples/sec: 1186.79 - lr: 0.100000 - momentum: 0.000000
2025-10-24 08:09:05,758 epoch 1 - iter 190/385 - loss 0.36998353 - time (sec): 68.06 - samples/sec: 1185.55 - lr: 0.100000 - momentum: 0.000000
2025-10-24 08:09:20,440 epoch 1 - iter 228/385 - loss 0.33435371 - time (sec): 82.75 - samples/sec: 1176.94 - lr: 0.100000 - momentum: 0.000000
2025-10-24 08:09:39,227 epoch 1 - iter 266/385 - loss 0.30832735 - time (sec): 101.53 - samples/sec: 1112.51 - lr: 0.100000 - momentum: 0.000000
2025-10-24 08:09:53,844 epoch 1 - iter 304/385 - loss 0.28495976 - time (sec): 116.15 - samples/sec: 1113.06 - lr: 0.100000 - momentum: 0.000000
2025-10-24 08:10:07,832 epoch 1 - iter 342/385 - loss 0.26770406 - time (sec): 130.14 - samples/sec: 1114.36 - lr: 0.100000 - momentum: 0.000000
2025-10-24 08:10:21,954 epoch 1 - iter 380/385 - loss 0.25409088 - time (sec): 144.26 - samples/sec: 1115.90 - lr: 0.100000 - momentum: 0.000000
2025-10-24 08:10:23,560 ----------------------------------------------------------------------------------------------------
2025-10-24 08:10:23,563 EPOCH 1 done: loss 0.2525 - lr: 0.100000
2025-10-24 08:10:56,858 DEV : loss 0.07511761784553528 - f1-score (micro avg)  0.8935
2025-10-24 08:11:31,279 TEST : loss 0.09601588547229767 - f1-score (micro avg)  0.8644
2025-10-24 08:11:31,441  - 0 epochs without improvement
2025-10-24 08:11:31,467 saving best model
2025-10-24 08:11:47,071 ----------------------------------------------------------------------------------------------------
2025-10-24 08:11:50,729 epoch 2 - iter 38/385 - loss 0.11633461 - time (sec): 3.65 - samples/sec: 4387.70 - lr: 0.100000 - momentum: 0.000000
2025-10-24 08:11:55,042 epoch 2 - iter 76/385 - loss 0.11791177 - time (sec): 7.97 - samples/sec: 4042.80 - lr: 0.100000 - momentum: 0.000000
2025-10-24 08:11:59,667 epoch 2 - iter 114/385 - loss 0.11434147 - time (sec): 12.59 - samples/sec: 3807.43 - lr: 0.100000 - momentum: 0.000000
2025-10-24 08:12:03,912 epoch 2 - iter 152/385 - loss 0.10883842 - time (sec): 16.84 - samples/sec: 3798.92 - lr: 0.100000 - momentum: 0.000000
2025-10-24 08:12:08,286 epoch 2 - iter 190/385 - loss 0.10923153 - time (sec): 21.21 - samples/sec: 3793.97 - lr: 0.100000 - momentum: 0.000000
2025-10-24 08:12:12,734 epoch 2 - iter 228/385 - loss 0.10805155 - time (sec): 25.66 - samples/sec: 3762.56 - lr: 0.100000 - momentum: 0.000000
2025-10-24 08:12:16,432 epoch 2 - iter 266/385 - loss 0.10671568 - time (sec): 29.36 - samples/sec: 3829.72 - lr: 0.100000 - momentum: 0.000000
2025-10-24 08:12:20,400 epoch 2 - iter 304/385 - loss 0.10454961 - time (sec): 33.33 - samples/sec: 3856.63 - lr: 0.100000 - momentum: 0.000000
2025-10-24 08:12:24,492 epoch 2 - iter 342/385 - loss 0.10494408 - time (sec): 37.42 - samples/sec: 3877.92 - lr: 0.100000 - momentum: 0.000000
2025-10-24 08:12:27,968 epoch 2 - iter 380/385 - loss 0.10378608 - time (sec): 40.89 - samples/sec: 3941.04 - lr: 0.100000 - momentum: 0.000000
2025-10-24 08:12:28,387 ----------------------------------------------------------------------------------------------------
2025-10-24 08:12:28,389 EPOCH 2 done: loss 0.1038 - lr: 0.100000
2025-10-24 08:12:42,534 DEV : loss 0.052720360457897186 - f1-score (micro avg)  0.9119
2025-10-24 08:12:58,617 TEST : loss 0.07633213698863983 - f1-score (micro avg)  0.8829
2025-10-24 08:12:58,875  - 0 epochs without improvement
2025-10-24 08:12:58,882 saving best model
2025-10-24 08:13:10,929 ----------------------------------------------------------------------------------------------------
2025-10-24 08:13:15,343 epoch 3 - iter 38/385 - loss 0.08926022 - time (sec): 4.41 - samples/sec: 3657.53 - lr: 0.100000 - momentum: 0.000000
2025-10-24 08:13:18,863 epoch 3 - iter 76/385 - loss 0.08962089 - time (sec): 7.93 - samples/sec: 4036.05 - lr: 0.100000 - momentum: 0.000000
2025-10-24 08:13:22,539 epoch 3 - iter 114/385 - loss 0.08706591 - time (sec): 11.61 - samples/sec: 4140.81 - lr: 0.100000 - momentum: 0.000000
2025-10-24 08:13:29,089 epoch 3 - iter 152/385 - loss 0.08659680 - time (sec): 18.16 - samples/sec: 3521.91 - lr: 0.100000 - momentum: 0.000000
2025-10-24 08:13:33,274 epoch 3 - iter 190/385 - loss 0.08605519 - time (sec): 22.34 - samples/sec: 3593.31 - lr: 0.100000 - momentum: 0.000000
2025-10-24 08:13:36,917 epoch 3 - iter 228/385 - loss 0.08418633 - time (sec): 25.99 - samples/sec: 3716.34 - lr: 0.100000 - momentum: 0.000000
2025-10-24 08:13:41,582 epoch 3 - iter 266/385 - loss 0.08358773 - time (sec): 30.65 - samples/sec: 3663.16 - lr: 0.100000 - momentum: 0.000000
2025-10-24 08:13:45,246 epoch 3 - iter 304/385 - loss 0.08177457 - time (sec): 34.31 - samples/sec: 3747.15 - lr: 0.100000 - momentum: 0.000000
2025-10-24 08:13:48,788 epoch 3 - iter 342/385 - loss 0.08073802 - time (sec): 37.86 - samples/sec: 3836.84 - lr: 0.100000 - momentum: 0.000000
2025-10-24 08:13:52,795 epoch 3 - iter 380/385 - loss 0.08043417 - time (sec): 41.86 - samples/sec: 3848.15 - lr: 0.100000 - momentum: 0.000000
2025-10-24 08:13:53,334 ----------------------------------------------------------------------------------------------------
2025-10-24 08:13:53,335 EPOCH 3 done: loss 0.0804 - lr: 0.100000
2025-10-24 08:14:07,716 DEV : loss 0.04888823628425598 - f1-score (micro avg)  0.9124
2025-10-24 08:14:21,261 TEST : loss 0.07280714809894562 - f1-score (micro avg)  0.8884
2025-10-24 08:14:21,426  - 0 epochs without improvement
2025-10-24 08:14:21,432 saving best model
2025-10-24 08:14:33,820 ----------------------------------------------------------------------------------------------------
2025-10-24 08:14:37,740 epoch 4 - iter 38/385 - loss 0.06418638 - time (sec): 3.92 - samples/sec: 4241.22 - lr: 0.100000 - momentum: 0.000000
2025-10-24 08:14:41,228 epoch 4 - iter 76/385 - loss 0.06665908 - time (sec): 7.41 - samples/sec: 4374.51 - lr: 0.100000 - momentum: 0.000000
2025-10-24 08:14:46,027 epoch 4 - iter 114/385 - loss 0.06814214 - time (sec): 12.20 - samples/sec: 3950.55 - lr: 0.100000 - momentum: 0.000000
2025-10-24 08:14:51,012 epoch 4 - iter 152/385 - loss 0.06878476 - time (sec): 17.19 - samples/sec: 3737.93 - lr: 0.100000 - momentum: 0.000000
2025-10-24 08:14:54,952 epoch 4 - iter 190/385 - loss 0.06948592 - time (sec): 21.13 - samples/sec: 3802.43 - lr: 0.100000 - momentum: 0.000000
2025-10-24 08:14:59,503 epoch 4 - iter 228/385 - loss 0.06886047 - time (sec): 25.68 - samples/sec: 3731.17 - lr: 0.100000 - momentum: 0.000000
2025-10-24 08:15:03,297 epoch 4 - iter 266/385 - loss 0.06906463 - time (sec): 29.47 - samples/sec: 3808.48 - lr: 0.100000 - momentum: 0.000000
2025-10-24 08:15:06,937 epoch 4 - iter 304/385 - loss 0.06781733 - time (sec): 33.11 - samples/sec: 3890.06 - lr: 0.100000 - momentum: 0.000000
2025-10-24 08:15:11,264 epoch 4 - iter 342/385 - loss 0.06768839 - time (sec): 37.44 - samples/sec: 3868.98 - lr: 0.100000 - momentum: 0.000000
2025-10-24 08:15:14,829 epoch 4 - iter 380/385 - loss 0.06700115 - time (sec): 41.01 - samples/sec: 3925.14 - lr: 0.100000 - momentum: 0.000000
2025-10-24 08:15:15,229 ----------------------------------------------------------------------------------------------------
2025-10-24 08:15:15,230 EPOCH 4 done: loss 0.0670 - lr: 0.100000
2025-10-24 08:15:31,638 DEV : loss 0.04067001864314079 - f1-score (micro avg)  0.9277
2025-10-24 08:15:45,459 TEST : loss 0.07395454496145248 - f1-score (micro avg)  0.897
2025-10-24 08:15:45,624  - 0 epochs without improvement
2025-10-24 08:15:45,630 saving best model
2025-10-24 08:15:59,005 ----------------------------------------------------------------------------------------------------
2025-10-24 08:16:03,700 epoch 5 - iter 38/385 - loss 0.06188017 - time (sec): 4.69 - samples/sec: 3436.06 - lr: 0.100000 - momentum: 0.000000
2025-10-24 08:16:07,401 epoch 5 - iter 76/385 - loss 0.05960095 - time (sec): 8.39 - samples/sec: 3849.08 - lr: 0.100000 - momentum: 0.000000
2025-10-24 08:16:11,579 epoch 5 - iter 114/385 - loss 0.05943730 - time (sec): 12.57 - samples/sec: 3831.70 - lr: 0.100000 - momentum: 0.000000
2025-10-24 08:16:18,279 epoch 5 - iter 152/385 - loss 0.05929817 - time (sec): 19.27 - samples/sec: 3352.03 - lr: 0.100000 - momentum: 0.000000
2025-10-24 08:16:21,996 epoch 5 - iter 190/385 - loss 0.06053803 - time (sec): 22.99 - samples/sec: 3518.64 - lr: 0.100000 - momentum: 0.000000
2025-10-24 08:16:25,705 epoch 5 - iter 228/385 - loss 0.05900664 - time (sec): 26.70 - samples/sec: 3620.18 - lr: 0.100000 - momentum: 0.000000
2025-10-24 08:16:30,654 epoch 5 - iter 266/385 - loss 0.06022462 - time (sec): 31.64 - samples/sec: 3539.71 - lr: 0.100000 - momentum: 0.000000
2025-10-24 08:16:34,897 epoch 5 - iter 304/385 - loss 0.06005123 - time (sec): 35.89 - samples/sec: 3574.68 - lr: 0.100000 - momentum: 0.000000
2025-10-24 08:16:38,626 epoch 5 - iter 342/385 - loss 0.05959368 - time (sec): 39.62 - samples/sec: 3645.95 - lr: 0.100000 - momentum: 0.000000
2025-10-24 08:16:43,056 epoch 5 - iter 380/385 - loss 0.05965953 - time (sec): 44.05 - samples/sec: 3651.27 - lr: 0.100000 - momentum: 0.000000
2025-10-24 08:16:43,523 ----------------------------------------------------------------------------------------------------
2025-10-24 08:16:43,525 EPOCH 5 done: loss 0.0596 - lr: 0.100000
2025-10-24 08:16:58,139 DEV : loss 0.0378035232424736 - f1-score (micro avg)  0.931
2025-10-24 08:17:11,882 TEST : loss 0.06544789671897888 - f1-score (micro avg)  0.9107
2025-10-24 08:17:12,045  - 0 epochs without improvement
2025-10-24 08:17:12,051 saving best model
2025-10-24 08:17:33,984 ----------------------------------------------------------------------------------------------------
2025-10-24 08:17:37,668 epoch 6 - iter 38/385 - loss 0.05837381 - time (sec): 3.68 - samples/sec: 4342.62 - lr: 0.100000 - momentum: 0.000000
2025-10-24 08:17:41,310 epoch 6 - iter 76/385 - loss 0.05683083 - time (sec): 7.32 - samples/sec: 4392.56 - lr: 0.100000 - momentum: 0.000000
2025-10-24 08:17:46,074 epoch 6 - iter 114/385 - loss 0.05654754 - time (sec): 12.09 - samples/sec: 4029.16 - lr: 0.100000 - momentum: 0.000000
2025-10-24 08:17:51,145 epoch 6 - iter 152/385 - loss 0.05541880 - time (sec): 17.16 - samples/sec: 3782.24 - lr: 0.100000 - momentum: 0.000000
2025-10-24 08:17:55,214 epoch 6 - iter 190/385 - loss 0.05532223 - time (sec): 21.23 - samples/sec: 3824.53 - lr: 0.100000 - momentum: 0.000000
2025-10-24 08:17:59,857 epoch 6 - iter 228/385 - loss 0.05489299 - time (sec): 25.87 - samples/sec: 3735.33 - lr: 0.100000 - momentum: 0.000000
2025-10-24 08:18:03,547 epoch 6 - iter 266/385 - loss 0.05630796 - time (sec): 29.56 - samples/sec: 3820.43 - lr: 0.100000 - momentum: 0.000000
2025-10-24 08:18:07,150 epoch 6 - iter 304/385 - loss 0.05506133 - time (sec): 33.16 - samples/sec: 3893.92 - lr: 0.100000 - momentum: 0.000000
2025-10-24 08:18:11,261 epoch 6 - iter 342/385 - loss 0.05480366 - time (sec): 37.27 - samples/sec: 3898.44 - lr: 0.100000 - momentum: 0.000000
2025-10-24 08:18:15,016 epoch 6 - iter 380/385 - loss 0.05452120 - time (sec): 41.03 - samples/sec: 3926.73 - lr: 0.100000 - momentum: 0.000000
2025-10-24 08:18:15,394 ----------------------------------------------------------------------------------------------------
2025-10-24 08:18:15,396 EPOCH 6 done: loss 0.0544 - lr: 0.100000
2025-10-24 08:18:31,927 DEV : loss 0.0355210117995739 - f1-score (micro avg)  0.9393
2025-10-24 08:18:45,694 TEST : loss 0.06368672102689743 - f1-score (micro avg)  0.9134
2025-10-24 08:18:45,865  - 0 epochs without improvement
2025-10-24 08:18:45,870 saving best model
2025-10-24 08:18:57,918 ----------------------------------------------------------------------------------------------------
2025-10-24 08:19:02,275 epoch 7 - iter 38/385 - loss 0.05259573 - time (sec): 4.35 - samples/sec: 3658.55 - lr: 0.100000 - momentum: 0.000000
2025-10-24 08:19:06,051 epoch 7 - iter 76/385 - loss 0.04804313 - time (sec): 8.13 - samples/sec: 3894.50 - lr: 0.100000 - momentum: 0.000000
2025-10-24 08:19:09,635 epoch 7 - iter 114/385 - loss 0.05062104 - time (sec): 11.71 - samples/sec: 4088.32 - lr: 0.100000 - momentum: 0.000000
2025-10-24 08:19:15,726 epoch 7 - iter 152/385 - loss 0.05075159 - time (sec): 17.80 - samples/sec: 3619.39 - lr: 0.100000 - momentum: 0.000000
2025-10-24 08:19:20,404 epoch 7 - iter 190/385 - loss 0.05020348 - time (sec): 22.48 - samples/sec: 3582.84 - lr: 0.100000 - momentum: 0.000000
2025-10-24 08:19:24,095 epoch 7 - iter 228/385 - loss 0.04995734 - time (sec): 26.17 - samples/sec: 3681.77 - lr: 0.100000 - momentum: 0.000000
2025-10-24 08:19:28,237 epoch 7 - iter 266/385 - loss 0.05062328 - time (sec): 30.32 - samples/sec: 3693.38 - lr: 0.100000 - momentum: 0.000000
2025-10-24 08:19:32,298 epoch 7 - iter 304/385 - loss 0.05021694 - time (sec): 34.38 - samples/sec: 3720.80 - lr: 0.100000 - momentum: 0.000000
2025-10-24 08:19:35,899 epoch 7 - iter 342/385 - loss 0.05008928 - time (sec): 37.98 - samples/sec: 3806.23 - lr: 0.100000 - momentum: 0.000000
2025-10-24 08:19:39,412 epoch 7 - iter 380/385 - loss 0.05024729 - time (sec): 41.49 - samples/sec: 3874.82 - lr: 0.100000 - momentum: 0.000000
2025-10-24 08:19:39,972 ----------------------------------------------------------------------------------------------------
2025-10-24 08:19:39,974 EPOCH 7 done: loss 0.0503 - lr: 0.100000
2025-10-24 08:19:54,949 DEV : loss 0.03387315571308136 - f1-score (micro avg)  0.9377
2025-10-24 08:20:11,071 TEST : loss 0.061825335025787354 - f1-score (micro avg)  0.9135
2025-10-24 08:20:11,239  - 1 epochs without improvement
2025-10-24 08:20:11,245 ----------------------------------------------------------------------------------------------------
2025-10-24 08:20:15,059 epoch 8 - iter 38/385 - loss 0.04623545 - time (sec): 3.81 - samples/sec: 4202.69 - lr: 0.100000 - momentum: 0.000000
2025-10-24 08:20:18,692 epoch 8 - iter 76/385 - loss 0.04640862 - time (sec): 7.45 - samples/sec: 4364.29 - lr: 0.100000 - momentum: 0.000000
2025-10-24 08:20:23,063 epoch 8 - iter 114/385 - loss 0.04569189 - time (sec): 11.82 - samples/sec: 4106.31 - lr: 0.100000 - momentum: 0.000000
2025-10-24 08:20:26,641 epoch 8 - iter 152/385 - loss 0.04577857 - time (sec): 15.39 - samples/sec: 4150.66 - lr: 0.100000 - momentum: 0.000000
2025-10-24 08:20:30,297 epoch 8 - iter 190/385 - loss 0.04526371 - time (sec): 19.05 - samples/sec: 4231.04 - lr: 0.100000 - momentum: 0.000000
2025-10-24 08:20:34,687 epoch 8 - iter 228/385 - loss 0.04499315 - time (sec): 23.44 - samples/sec: 4122.25 - lr: 0.100000 - momentum: 0.000000
2025-10-24 08:20:38,346 epoch 8 - iter 266/385 - loss 0.04471756 - time (sec): 27.10 - samples/sec: 4152.54 - lr: 0.100000 - momentum: 0.000000
2025-10-24 08:20:42,066 epoch 8 - iter 304/385 - loss 0.04469666 - time (sec): 30.82 - samples/sec: 4175.88 - lr: 0.100000 - momentum: 0.000000
2025-10-24 08:20:46,036 epoch 8 - iter 342/385 - loss 0.04495659 - time (sec): 34.79 - samples/sec: 4156.91 - lr: 0.100000 - momentum: 0.000000
2025-10-24 08:20:50,147 epoch 8 - iter 380/385 - loss 0.04540762 - time (sec): 38.90 - samples/sec: 4133.64 - lr: 0.100000 - momentum: 0.000000
2025-10-24 08:20:50,610 ----------------------------------------------------------------------------------------------------
2025-10-24 08:20:50,611 EPOCH 8 done: loss 0.0453 - lr: 0.100000
2025-10-24 08:21:06,383 DEV : loss 0.03265323489904404 - f1-score (micro avg)  0.9424
2025-10-24 08:21:20,583 TEST : loss 0.06508476287126541 - f1-score (micro avg)  0.9098
2025-10-24 08:21:20,774  - 0 epochs without improvement
2025-10-24 08:21:20,783 saving best model
2025-10-24 08:21:22,827 ----------------------------------------------------------------------------------------------------
2025-10-24 08:21:27,565 epoch 9 - iter 38/385 - loss 0.03807252 - time (sec): 4.74 - samples/sec: 3373.64 - lr: 0.100000 - momentum: 0.000000
2025-10-24 08:21:31,449 epoch 9 - iter 76/385 - loss 0.04108733 - time (sec): 8.62 - samples/sec: 3778.56 - lr: 0.100000 - momentum: 0.000000
2025-10-24 08:21:35,891 epoch 9 - iter 114/385 - loss 0.03918478 - time (sec): 13.06 - samples/sec: 3755.14 - lr: 0.100000 - momentum: 0.000000
2025-10-24 08:21:42,564 epoch 9 - iter 152/385 - loss 0.04070833 - time (sec): 19.73 - samples/sec: 3307.44 - lr: 0.100000 - momentum: 0.000000
2025-10-24 08:21:46,070 epoch 9 - iter 190/385 - loss 0.04168392 - time (sec): 23.24 - samples/sec: 3460.30 - lr: 0.100000 - momentum: 0.000000
2025-10-24 08:21:49,749 epoch 9 - iter 228/385 - loss 0.04234037 - time (sec): 26.92 - samples/sec: 3575.93 - lr: 0.100000 - momentum: 0.000000
2025-10-24 08:21:54,697 epoch 9 - iter 266/385 - loss 0.04251283 - time (sec): 31.87 - samples/sec: 3552.89 - lr: 0.100000 - momentum: 0.000000
2025-10-24 08:21:58,432 epoch 9 - iter 304/385 - loss 0.04253848 - time (sec): 35.60 - samples/sec: 3624.16 - lr: 0.100000 - momentum: 0.000000
2025-10-24 08:22:02,080 epoch 9 - iter 342/385 - loss 0.04227373 - time (sec): 39.25 - samples/sec: 3689.33 - lr: 0.100000 - momentum: 0.000000
2025-10-24 08:22:06,091 epoch 9 - iter 380/385 - loss 0.04230414 - time (sec): 43.26 - samples/sec: 3721.14 - lr: 0.100000 - momentum: 0.000000
2025-10-24 08:22:06,685 ----------------------------------------------------------------------------------------------------
2025-10-24 08:22:06,687 EPOCH 9 done: loss 0.0423 - lr: 0.100000
2025-10-24 08:22:24,097 DEV : loss 0.03218650817871094 - f1-score (micro avg)  0.9444
2025-10-24 08:22:38,239 TEST : loss 0.06469003111124039 - f1-score (micro avg)  0.9137
2025-10-24 08:22:38,409  - 0 epochs without improvement
2025-10-24 08:22:38,416 saving best model
2025-10-24 08:22:42,253 ----------------------------------------------------------------------------------------------------
2025-10-24 08:22:46,831 epoch 10 - iter 38/385 - loss 0.04123728 - time (sec): 4.57 - samples/sec: 3499.42 - lr: 0.100000 - momentum: 0.000000
2025-10-24 08:22:50,760 epoch 10 - iter 76/385 - loss 0.04112493 - time (sec): 8.50 - samples/sec: 3746.47 - lr: 0.100000 - momentum: 0.000000
2025-10-24 08:22:54,462 epoch 10 - iter 114/385 - loss 0.04125648 - time (sec): 12.21 - samples/sec: 3976.08 - lr: 0.100000 - momentum: 0.000000
2025-10-24 08:23:00,457 epoch 10 - iter 152/385 - loss 0.04072097 - time (sec): 18.20 - samples/sec: 3534.60 - lr: 0.100000 - momentum: 0.000000
2025-10-24 08:23:05,541 epoch 10 - iter 190/385 - loss 0.04114006 - time (sec): 23.28 - samples/sec: 3431.67 - lr: 0.100000 - momentum: 0.000000
2025-10-24 08:23:09,250 epoch 10 - iter 228/385 - loss 0.04052826 - time (sec): 26.99 - samples/sec: 3569.31 - lr: 0.100000 - momentum: 0.000000
2025-10-24 08:23:13,765 epoch 10 - iter 266/385 - loss 0.04132471 - time (sec): 31.51 - samples/sec: 3566.18 - lr: 0.100000 - momentum: 0.000000
2025-10-24 08:23:17,849 epoch 10 - iter 304/385 - loss 0.04127788 - time (sec): 35.59 - samples/sec: 3602.26 - lr: 0.100000 - momentum: 0.000000
2025-10-24 08:23:21,511 epoch 10 - iter 342/385 - loss 0.04055311 - time (sec): 39.25 - samples/sec: 3674.78 - lr: 0.100000 - momentum: 0.000000
2025-10-24 08:23:25,401 epoch 10 - iter 380/385 - loss 0.03982192 - time (sec): 43.14 - samples/sec: 3731.34 - lr: 0.100000 - momentum: 0.000000
2025-10-24 08:23:25,950 ----------------------------------------------------------------------------------------------------
2025-10-24 08:23:25,953 EPOCH 10 done: loss 0.0398 - lr: 0.100000
2025-10-24 08:23:41,482 DEV : loss 0.033421870321035385 - f1-score (micro avg)  0.9446
2025-10-24 08:23:57,653 TEST : loss 0.0642337054014206 - f1-score (micro avg)  0.9187
2025-10-24 08:23:57,818  - 0 epochs without improvement
2025-10-24 08:23:57,826 saving best model
2025-10-24 08:24:12,801 ----------------------------------------------------------------------------------------------------
2025-10-24 08:24:12,806 Loading model from best epoch ...
2025-10-24 08:24:21,526 SequenceTagger predicts: Dictionary with 19 tags: O, S-LOC, B-LOC, E-LOC, I-LOC, S-PER, B-PER, E-PER, I-PER, S-ORG, B-ORG, E-ORG, I-ORG, S-MISC, B-MISC, E-MISC, I-MISC, <START>, <STOP>
2025-10-24 08:24:39,336 
Results:
- F-score (micro) 0.9187
- F-score (macro) 0.9045
- Accuracy 0.8778

By class:
              precision    recall  f1-score   support

         LOC     0.9179    0.9382    0.9280      1668
         ORG     0.9043    0.8989    0.9016      1661
         PER     0.9774    0.9647    0.9711      1617
        MISC     0.8127    0.8219    0.8173       702

   micro avg     0.9175    0.9198    0.9187      5648
   macro avg     0.9031    0.9059    0.9045      5648
weighted avg     0.9179    0.9198    0.9188      5648

2025-10-24 08:24:39,338 ----------------------------------------------------------------------------------------------------
