2025-10-24 05:29:11,341 ----------------------------------------------------------------------------------------------------
2025-10-24 05:29:11,344 Model: "SequenceTagger(
  (embeddings): StackedEmbeddings(
    (list_embedding_0): WordEmbeddings(
      'glove'
      (embedding): Embedding(400001, 100)
    )
    (list_embedding_1): FlairEmbeddings(
      (lm): LanguageModel(
        (drop): Dropout(p=0.05, inplace=False)
        (encoder): Embedding(300, 100)
        (rnn): LSTM(100, 2048)
      )
    )
    (list_embedding_2): FlairEmbeddings(
      (lm): LanguageModel(
        (drop): Dropout(p=0.05, inplace=False)
        (encoder): Embedding(300, 100)
        (rnn): LSTM(100, 2048)
      )
    )
  )
  (word_dropout): WordDropout(p=0.05)
  (locked_dropout): LockedDropout(p=0.5)
  (embedding2nn): Linear(in_features=4196, out_features=4196, bias=True)
  (rnn): LSTM(4196, 256, batch_first=True, bidirectional=True)
  (linear): Linear(in_features=512, out_features=19, bias=True)
  (loss_function): ViterbiLoss()
  (crf): CRF()
)"
2025-10-24 05:29:11,345 ----------------------------------------------------------------------------------------------------
2025-10-24 05:29:11,348 Corpus: 7466 train + 3466 dev + 3684 test sentences
2025-10-24 05:29:11,348 ----------------------------------------------------------------------------------------------------
2025-10-24 05:29:11,350 Train:  7466 sentences
2025-10-24 05:29:11,351         (train_with_dev=False, train_with_test=False)
2025-10-24 05:29:11,352 ----------------------------------------------------------------------------------------------------
2025-10-24 05:29:11,353 Training Params:
2025-10-24 05:29:11,354  - learning_rate: "0.1" 
2025-10-24 05:29:11,355  - mini_batch_size: "32"
2025-10-24 05:29:11,356  - max_epochs: "10"
2025-10-24 05:29:11,357  - shuffle: "True"
2025-10-24 05:29:11,359 ----------------------------------------------------------------------------------------------------
2025-10-24 05:29:11,359 Plugins:
2025-10-24 05:29:11,361  - AnnealOnPlateau | patience: '3', anneal_factor: '0.5', min_learning_rate: '0.0001'
2025-10-24 05:29:11,361 ----------------------------------------------------------------------------------------------------
2025-10-24 05:29:11,362 Final evaluation on model from best epoch (best-model.pt)
2025-10-24 05:29:11,363  - metric: "('micro avg', 'f1-score')"
2025-10-24 05:29:11,364 ----------------------------------------------------------------------------------------------------
2025-10-24 05:29:11,365 Computation:
2025-10-24 05:29:11,366  - compute on device: cuda:0
2025-10-24 05:29:11,367  - embedding storage: cpu
2025-10-24 05:29:11,367 ----------------------------------------------------------------------------------------------------
2025-10-24 05:29:11,368 Model training base path: "resources/taggers/model_chunk_3"
2025-10-24 05:29:11,369 ----------------------------------------------------------------------------------------------------
2025-10-24 05:29:11,370 ----------------------------------------------------------------------------------------------------
2025-10-24 05:29:19,178 epoch 1 - iter 23/234 - loss 1.05572367 - time (sec): 7.81 - samples/sec: 1098.98 - lr: 0.100000 - momentum: 0.000000
2025-10-24 05:29:26,933 epoch 1 - iter 46/234 - loss 0.80301024 - time (sec): 15.56 - samples/sec: 1151.20 - lr: 0.100000 - momentum: 0.000000
2025-10-24 05:29:34,403 epoch 1 - iter 69/234 - loss 0.66684531 - time (sec): 23.03 - samples/sec: 1168.88 - lr: 0.100000 - momentum: 0.000000
2025-10-24 05:29:41,867 epoch 1 - iter 92/234 - loss 0.57479271 - time (sec): 30.50 - samples/sec: 1180.47 - lr: 0.100000 - momentum: 0.000000
2025-10-24 05:29:51,062 epoch 1 - iter 115/234 - loss 0.51526989 - time (sec): 39.69 - samples/sec: 1141.67 - lr: 0.100000 - momentum: 0.000000
2025-10-24 05:29:58,421 epoch 1 - iter 138/234 - loss 0.46618525 - time (sec): 47.05 - samples/sec: 1153.64 - lr: 0.100000 - momentum: 0.000000
2025-10-24 05:30:06,315 epoch 1 - iter 161/234 - loss 0.43280258 - time (sec): 54.94 - samples/sec: 1149.68 - lr: 0.100000 - momentum: 0.000000
2025-10-24 05:30:14,457 epoch 1 - iter 184/234 - loss 0.40419951 - time (sec): 63.09 - samples/sec: 1147.73 - lr: 0.100000 - momentum: 0.000000
2025-10-24 05:30:22,681 epoch 1 - iter 207/234 - loss 0.37783115 - time (sec): 71.31 - samples/sec: 1145.86 - lr: 0.100000 - momentum: 0.000000
2025-10-24 05:30:31,216 epoch 1 - iter 230/234 - loss 0.35619796 - time (sec): 79.85 - samples/sec: 1142.11 - lr: 0.100000 - momentum: 0.000000
2025-10-24 05:30:32,578 ----------------------------------------------------------------------------------------------------
2025-10-24 05:30:32,579 EPOCH 1 done: loss 0.3534 - lr: 0.100000
2025-10-24 05:31:05,549 DEV : loss 0.11405106633901596 - f1-score (micro avg)  0.8359
2025-10-24 05:31:40,283 TEST : loss 0.13295891880989075 - f1-score (micro avg)  0.8006
2025-10-24 05:31:40,445  - 0 epochs without improvement
2025-10-24 05:31:40,450 saving best model
2025-10-24 05:31:44,025 ----------------------------------------------------------------------------------------------------
2025-10-24 05:31:46,885 epoch 2 - iter 23/234 - loss 0.18084905 - time (sec): 2.86 - samples/sec: 3068.78 - lr: 0.100000 - momentum: 0.000000
2025-10-24 05:31:49,156 epoch 2 - iter 46/234 - loss 0.16534690 - time (sec): 5.13 - samples/sec: 3427.54 - lr: 0.100000 - momentum: 0.000000
2025-10-24 05:31:51,225 epoch 2 - iter 69/234 - loss 0.15573458 - time (sec): 7.20 - samples/sec: 3708.24 - lr: 0.100000 - momentum: 0.000000
2025-10-24 05:31:53,503 epoch 2 - iter 92/234 - loss 0.15077656 - time (sec): 9.48 - samples/sec: 3762.89 - lr: 0.100000 - momentum: 0.000000
2025-10-24 05:31:56,205 epoch 2 - iter 115/234 - loss 0.14727310 - time (sec): 12.18 - samples/sec: 3674.88 - lr: 0.100000 - momentum: 0.000000
2025-10-24 05:31:59,212 epoch 2 - iter 138/234 - loss 0.14154449 - time (sec): 15.18 - samples/sec: 3574.04 - lr: 0.100000 - momentum: 0.000000
2025-10-24 05:32:01,722 epoch 2 - iter 161/234 - loss 0.13722610 - time (sec): 17.70 - samples/sec: 3575.01 - lr: 0.100000 - momentum: 0.000000
2025-10-24 05:32:03,883 epoch 2 - iter 184/234 - loss 0.13639649 - time (sec): 19.86 - samples/sec: 3671.60 - lr: 0.100000 - momentum: 0.000000
2025-10-24 05:32:05,910 epoch 2 - iter 207/234 - loss 0.13418725 - time (sec): 21.88 - samples/sec: 3745.59 - lr: 0.100000 - momentum: 0.000000
2025-10-24 05:32:08,039 epoch 2 - iter 230/234 - loss 0.13360675 - time (sec): 24.01 - samples/sec: 3800.67 - lr: 0.100000 - momentum: 0.000000
2025-10-24 05:32:08,336 ----------------------------------------------------------------------------------------------------
2025-10-24 05:32:08,337 EPOCH 2 done: loss 0.1336 - lr: 0.100000
2025-10-24 05:32:24,762 DEV : loss 0.07591409236192703 - f1-score (micro avg)  0.8843
2025-10-24 05:32:39,131 TEST : loss 0.09272125363349915 - f1-score (micro avg)  0.862
2025-10-24 05:32:39,436  - 0 epochs without improvement
2025-10-24 05:32:39,455 saving best model
2025-10-24 05:32:43,866 ----------------------------------------------------------------------------------------------------
2025-10-24 05:32:46,116 epoch 3 - iter 23/234 - loss 0.10882960 - time (sec): 2.25 - samples/sec: 4152.75 - lr: 0.100000 - momentum: 0.000000
2025-10-24 05:32:48,206 epoch 3 - iter 46/234 - loss 0.10873397 - time (sec): 4.34 - samples/sec: 4217.42 - lr: 0.100000 - momentum: 0.000000
2025-10-24 05:32:50,468 epoch 3 - iter 69/234 - loss 0.10699339 - time (sec): 6.60 - samples/sec: 4193.66 - lr: 0.100000 - momentum: 0.000000
2025-10-24 05:32:54,138 epoch 3 - iter 92/234 - loss 0.10295108 - time (sec): 10.27 - samples/sec: 3553.33 - lr: 0.100000 - momentum: 0.000000
2025-10-24 05:32:57,229 epoch 3 - iter 115/234 - loss 0.10270388 - time (sec): 13.36 - samples/sec: 3443.02 - lr: 0.100000 - momentum: 0.000000
2025-10-24 05:33:00,157 epoch 3 - iter 138/234 - loss 0.10281566 - time (sec): 16.29 - samples/sec: 3353.19 - lr: 0.100000 - momentum: 0.000000
2025-10-24 05:33:02,372 epoch 3 - iter 161/234 - loss 0.10100971 - time (sec): 18.50 - samples/sec: 3450.19 - lr: 0.100000 - momentum: 0.000000
2025-10-24 05:33:04,685 epoch 3 - iter 184/234 - loss 0.10052925 - time (sec): 20.82 - samples/sec: 3515.56 - lr: 0.100000 - momentum: 0.000000
2025-10-24 05:33:07,443 epoch 3 - iter 207/234 - loss 0.09982525 - time (sec): 23.57 - samples/sec: 3505.11 - lr: 0.100000 - momentum: 0.000000
2025-10-24 05:33:09,699 epoch 3 - iter 230/234 - loss 0.10084470 - time (sec): 25.83 - samples/sec: 3531.09 - lr: 0.100000 - momentum: 0.000000
2025-10-24 05:33:10,095 ----------------------------------------------------------------------------------------------------
2025-10-24 05:33:10,097 EPOCH 3 done: loss 0.1003 - lr: 0.100000
2025-10-24 05:33:24,494 DEV : loss 0.06906155496835709 - f1-score (micro avg)  0.8959
2025-10-24 05:33:39,916 TEST : loss 0.0959044098854065 - f1-score (micro avg)  0.8597
2025-10-24 05:33:40,079  - 0 epochs without improvement
2025-10-24 05:33:40,085 saving best model
2025-10-24 05:33:41,636 ----------------------------------------------------------------------------------------------------
2025-10-24 05:33:45,264 epoch 4 - iter 23/234 - loss 0.08617380 - time (sec): 3.63 - samples/sec: 2526.31 - lr: 0.100000 - momentum: 0.000000
2025-10-24 05:33:48,380 epoch 4 - iter 46/234 - loss 0.07966944 - time (sec): 6.74 - samples/sec: 2710.21 - lr: 0.100000 - momentum: 0.000000
2025-10-24 05:33:51,202 epoch 4 - iter 69/234 - loss 0.07647861 - time (sec): 9.56 - samples/sec: 2831.21 - lr: 0.100000 - momentum: 0.000000
2025-10-24 05:33:54,241 epoch 4 - iter 92/234 - loss 0.07984400 - time (sec): 12.60 - samples/sec: 2889.74 - lr: 0.100000 - momentum: 0.000000
2025-10-24 05:33:56,656 epoch 4 - iter 115/234 - loss 0.08088503 - time (sec): 15.02 - samples/sec: 3054.10 - lr: 0.100000 - momentum: 0.000000
2025-10-24 05:33:59,015 epoch 4 - iter 138/234 - loss 0.08165653 - time (sec): 17.38 - samples/sec: 3127.08 - lr: 0.100000 - momentum: 0.000000
2025-10-24 05:34:01,486 epoch 4 - iter 161/234 - loss 0.08126441 - time (sec): 19.85 - samples/sec: 3203.30 - lr: 0.100000 - momentum: 0.000000
2025-10-24 05:34:03,695 epoch 4 - iter 184/234 - loss 0.07950687 - time (sec): 22.06 - samples/sec: 3293.18 - lr: 0.100000 - momentum: 0.000000
2025-10-24 05:34:06,027 epoch 4 - iter 207/234 - loss 0.07997306 - time (sec): 24.39 - samples/sec: 3362.74 - lr: 0.100000 - momentum: 0.000000
2025-10-24 05:34:08,108 epoch 4 - iter 230/234 - loss 0.08062965 - time (sec): 26.47 - samples/sec: 3444.70 - lr: 0.100000 - momentum: 0.000000
2025-10-24 05:34:08,435 ----------------------------------------------------------------------------------------------------
2025-10-24 05:34:08,437 EPOCH 4 done: loss 0.0805 - lr: 0.100000
2025-10-24 05:34:22,849 DEV : loss 0.05870860442519188 - f1-score (micro avg)  0.9119
2025-10-24 05:34:36,715 TEST : loss 0.08243943750858307 - f1-score (micro avg)  0.89
2025-10-24 05:34:36,993  - 0 epochs without improvement
2025-10-24 05:34:37,000 saving best model
2025-10-24 05:34:44,535 ----------------------------------------------------------------------------------------------------
2025-10-24 05:34:46,704 epoch 5 - iter 23/234 - loss 0.06736998 - time (sec): 2.17 - samples/sec: 4086.63 - lr: 0.100000 - momentum: 0.000000
2025-10-24 05:34:48,733 epoch 5 - iter 46/234 - loss 0.06594251 - time (sec): 4.19 - samples/sec: 4206.91 - lr: 0.100000 - momentum: 0.000000
2025-10-24 05:34:51,300 epoch 5 - iter 69/234 - loss 0.06837801 - time (sec): 6.76 - samples/sec: 4030.98 - lr: 0.100000 - momentum: 0.000000
2025-10-24 05:34:53,898 epoch 5 - iter 92/234 - loss 0.06916803 - time (sec): 9.36 - samples/sec: 3859.16 - lr: 0.100000 - momentum: 0.000000
2025-10-24 05:34:56,615 epoch 5 - iter 115/234 - loss 0.07124998 - time (sec): 12.08 - samples/sec: 3718.60 - lr: 0.100000 - momentum: 0.000000
2025-10-24 05:34:59,693 epoch 5 - iter 138/234 - loss 0.07063888 - time (sec): 15.15 - samples/sec: 3564.73 - lr: 0.100000 - momentum: 0.000000
2025-10-24 05:35:02,028 epoch 5 - iter 161/234 - loss 0.07144815 - time (sec): 17.49 - samples/sec: 3607.71 - lr: 0.100000 - momentum: 0.000000
2025-10-24 05:35:04,686 epoch 5 - iter 184/234 - loss 0.06982205 - time (sec): 20.15 - samples/sec: 3591.99 - lr: 0.100000 - momentum: 0.000000
2025-10-24 05:35:07,400 epoch 5 - iter 207/234 - loss 0.06975677 - time (sec): 22.86 - samples/sec: 3578.87 - lr: 0.100000 - momentum: 0.000000
2025-10-24 05:35:09,546 epoch 5 - iter 230/234 - loss 0.06944363 - time (sec): 25.01 - samples/sec: 3644.80 - lr: 0.100000 - momentum: 0.000000
2025-10-24 05:35:09,901 ----------------------------------------------------------------------------------------------------
2025-10-24 05:35:09,902 EPOCH 5 done: loss 0.0690 - lr: 0.100000
2025-10-24 05:35:25,659 DEV : loss 0.05494386702775955 - f1-score (micro avg)  0.9155
2025-10-24 05:35:39,346 TEST : loss 0.07609773427248001 - f1-score (micro avg)  0.8915
2025-10-24 05:35:39,514  - 0 epochs without improvement
2025-10-24 05:35:39,520 saving best model
2025-10-24 05:35:41,410 ----------------------------------------------------------------------------------------------------
2025-10-24 05:35:44,403 epoch 6 - iter 23/234 - loss 0.05479211 - time (sec): 2.99 - samples/sec: 3072.32 - lr: 0.100000 - momentum: 0.000000
2025-10-24 05:35:46,743 epoch 6 - iter 46/234 - loss 0.06187489 - time (sec): 5.33 - samples/sec: 3443.83 - lr: 0.100000 - momentum: 0.000000
2025-10-24 05:35:49,033 epoch 6 - iter 69/234 - loss 0.06056350 - time (sec): 7.62 - samples/sec: 3578.06 - lr: 0.100000 - momentum: 0.000000
2025-10-24 05:35:51,856 epoch 6 - iter 92/234 - loss 0.06153387 - time (sec): 10.44 - samples/sec: 3575.30 - lr: 0.100000 - momentum: 0.000000
2025-10-24 05:35:54,933 epoch 6 - iter 115/234 - loss 0.06095057 - time (sec): 13.52 - samples/sec: 3428.95 - lr: 0.100000 - momentum: 0.000000
2025-10-24 05:35:57,824 epoch 6 - iter 138/234 - loss 0.06239720 - time (sec): 16.41 - samples/sec: 3370.54 - lr: 0.100000 - momentum: 0.000000
2025-10-24 05:35:59,996 epoch 6 - iter 161/234 - loss 0.06282158 - time (sec): 18.58 - samples/sec: 3459.48 - lr: 0.100000 - momentum: 0.000000
2025-10-24 05:36:02,170 epoch 6 - iter 184/234 - loss 0.06341656 - time (sec): 20.76 - samples/sec: 3510.36 - lr: 0.100000 - momentum: 0.000000
2025-10-24 05:36:04,325 epoch 6 - iter 207/234 - loss 0.06362509 - time (sec): 22.91 - samples/sec: 3580.42 - lr: 0.100000 - momentum: 0.000000
2025-10-24 05:36:06,392 epoch 6 - iter 230/234 - loss 0.06355709 - time (sec): 24.98 - samples/sec: 3654.40 - lr: 0.100000 - momentum: 0.000000
2025-10-24 05:36:06,695 ----------------------------------------------------------------------------------------------------
2025-10-24 05:36:06,696 EPOCH 6 done: loss 0.0633 - lr: 0.100000
2025-10-24 05:36:23,040 DEV : loss 0.05088701471686363 - f1-score (micro avg)  0.9218
2025-10-24 05:36:37,029 TEST : loss 0.07986988127231598 - f1-score (micro avg)  0.8979
2025-10-24 05:36:37,349  - 0 epochs without improvement
2025-10-24 05:36:37,357 saving best model
2025-10-24 05:36:43,114 ----------------------------------------------------------------------------------------------------
2025-10-24 05:36:45,391 epoch 7 - iter 23/234 - loss 0.06270239 - time (sec): 2.27 - samples/sec: 4100.04 - lr: 0.100000 - momentum: 0.000000
2025-10-24 05:36:47,450 epoch 7 - iter 46/234 - loss 0.05657194 - time (sec): 4.33 - samples/sec: 4201.59 - lr: 0.100000 - momentum: 0.000000
2025-10-24 05:36:50,254 epoch 7 - iter 69/234 - loss 0.05496561 - time (sec): 7.14 - samples/sec: 3842.26 - lr: 0.100000 - momentum: 0.000000
2025-10-24 05:36:52,583 epoch 7 - iter 92/234 - loss 0.05367802 - time (sec): 9.47 - samples/sec: 3906.02 - lr: 0.100000 - momentum: 0.000000
2025-10-24 05:36:55,083 epoch 7 - iter 115/234 - loss 0.05262584 - time (sec): 11.97 - samples/sec: 3838.93 - lr: 0.100000 - momentum: 0.000000
2025-10-24 05:36:57,882 epoch 7 - iter 138/234 - loss 0.05470570 - time (sec): 14.76 - samples/sec: 3698.31 - lr: 0.100000 - momentum: 0.000000
2025-10-24 05:37:00,860 epoch 7 - iter 161/234 - loss 0.05454241 - time (sec): 17.74 - samples/sec: 3609.59 - lr: 0.100000 - momentum: 0.000000
2025-10-24 05:37:03,738 epoch 7 - iter 184/234 - loss 0.05430700 - time (sec): 20.62 - samples/sec: 3557.95 - lr: 0.100000 - momentum: 0.000000
2025-10-24 05:37:05,954 epoch 7 - iter 207/234 - loss 0.05424722 - time (sec): 22.84 - samples/sec: 3611.09 - lr: 0.100000 - momentum: 0.000000
2025-10-24 05:37:08,175 epoch 7 - iter 230/234 - loss 0.05510000 - time (sec): 25.06 - samples/sec: 3646.33 - lr: 0.100000 - momentum: 0.000000
2025-10-24 05:37:08,485 ----------------------------------------------------------------------------------------------------
2025-10-24 05:37:08,486 EPOCH 7 done: loss 0.0553 - lr: 0.100000
2025-10-24 05:37:22,584 DEV : loss 0.048258792608976364 - f1-score (micro avg)  0.9248
2025-10-24 05:37:37,946 TEST : loss 0.07923693209886551 - f1-score (micro avg)  0.8936
2025-10-24 05:37:38,113  - 0 epochs without improvement
2025-10-24 05:37:38,119 saving best model
2025-10-24 05:37:42,913 ----------------------------------------------------------------------------------------------------
2025-10-24 05:37:45,151 epoch 8 - iter 23/234 - loss 0.04399112 - time (sec): 2.23 - samples/sec: 4124.90 - lr: 0.100000 - momentum: 0.000000
2025-10-24 05:37:47,247 epoch 8 - iter 46/234 - loss 0.05176081 - time (sec): 4.33 - samples/sec: 4229.45 - lr: 0.100000 - momentum: 0.000000
2025-10-24 05:37:49,228 epoch 8 - iter 69/234 - loss 0.05217214 - time (sec): 6.31 - samples/sec: 4260.64 - lr: 0.100000 - momentum: 0.000000
2025-10-24 05:37:51,310 epoch 8 - iter 92/234 - loss 0.05131829 - time (sec): 8.39 - samples/sec: 4307.83 - lr: 0.100000 - momentum: 0.000000
2025-10-24 05:37:54,867 epoch 8 - iter 115/234 - loss 0.05092823 - time (sec): 11.95 - samples/sec: 3775.93 - lr: 0.100000 - momentum: 0.000000
2025-10-24 05:37:58,894 epoch 8 - iter 138/234 - loss 0.05219380 - time (sec): 15.98 - samples/sec: 3393.46 - lr: 0.100000 - momentum: 0.000000
2025-10-24 05:38:01,322 epoch 8 - iter 161/234 - loss 0.05204886 - time (sec): 18.41 - samples/sec: 3426.66 - lr: 0.100000 - momentum: 0.000000
2025-10-24 05:38:03,489 epoch 8 - iter 184/234 - loss 0.05207821 - time (sec): 20.57 - samples/sec: 3532.38 - lr: 0.100000 - momentum: 0.000000
2025-10-24 05:38:05,485 epoch 8 - iter 207/234 - loss 0.05318931 - time (sec): 22.57 - samples/sec: 3617.54 - lr: 0.100000 - momentum: 0.000000
2025-10-24 05:38:08,068 epoch 8 - iter 230/234 - loss 0.05289716 - time (sec): 25.15 - samples/sec: 3622.08 - lr: 0.100000 - momentum: 0.000000
2025-10-24 05:38:08,594 ----------------------------------------------------------------------------------------------------
2025-10-24 05:38:08,596 EPOCH 8 done: loss 0.0525 - lr: 0.100000
2025-10-24 05:38:23,277 DEV : loss 0.045910388231277466 - f1-score (micro avg)  0.9282
2025-10-24 05:38:36,893 TEST : loss 0.07259923964738846 - f1-score (micro avg)  0.9018
2025-10-24 05:38:37,058  - 0 epochs without improvement
2025-10-24 05:38:37,064 saving best model
2025-10-24 05:38:48,042 ----------------------------------------------------------------------------------------------------
2025-10-24 05:38:50,267 epoch 9 - iter 23/234 - loss 0.04997549 - time (sec): 2.22 - samples/sec: 4145.09 - lr: 0.100000 - momentum: 0.000000
2025-10-24 05:38:52,255 epoch 9 - iter 46/234 - loss 0.04528777 - time (sec): 4.21 - samples/sec: 4286.50 - lr: 0.100000 - momentum: 0.000000
2025-10-24 05:38:54,324 epoch 9 - iter 69/234 - loss 0.04716096 - time (sec): 6.28 - samples/sec: 4311.89 - lr: 0.100000 - momentum: 0.000000
2025-10-24 05:38:56,375 epoch 9 - iter 92/234 - loss 0.04605307 - time (sec): 8.33 - samples/sec: 4365.97 - lr: 0.100000 - momentum: 0.000000
2025-10-24 05:38:58,808 epoch 9 - iter 115/234 - loss 0.04675913 - time (sec): 10.76 - samples/sec: 4215.76 - lr: 0.100000 - momentum: 0.000000
2025-10-24 05:39:03,102 epoch 9 - iter 138/234 - loss 0.04575006 - time (sec): 15.06 - samples/sec: 3616.23 - lr: 0.100000 - momentum: 0.000000
2025-10-24 05:39:05,996 epoch 9 - iter 161/234 - loss 0.04491092 - time (sec): 17.95 - samples/sec: 3538.93 - lr: 0.100000 - momentum: 0.000000
2025-10-24 05:39:08,180 epoch 9 - iter 184/234 - loss 0.04606203 - time (sec): 20.14 - samples/sec: 3603.95 - lr: 0.100000 - momentum: 0.000000
2025-10-24 05:39:10,223 epoch 9 - iter 207/234 - loss 0.04695416 - time (sec): 22.18 - samples/sec: 3676.25 - lr: 0.100000 - momentum: 0.000000
2025-10-24 05:39:12,500 epoch 9 - iter 230/234 - loss 0.04670394 - time (sec): 24.46 - samples/sec: 3724.83 - lr: 0.100000 - momentum: 0.000000
2025-10-24 05:39:12,947 ----------------------------------------------------------------------------------------------------
2025-10-24 05:39:12,949 EPOCH 9 done: loss 0.0466 - lr: 0.100000
2025-10-24 05:39:29,318 DEV : loss 0.04485521465539932 - f1-score (micro avg)  0.9309
2025-10-24 05:39:43,178 TEST : loss 0.07244064658880234 - f1-score (micro avg)  0.9057
2025-10-24 05:39:43,348  - 0 epochs without improvement
2025-10-24 05:39:43,354 saving best model
2025-10-24 05:39:53,659 ----------------------------------------------------------------------------------------------------
2025-10-24 05:39:55,827 epoch 10 - iter 23/234 - loss 0.04129839 - time (sec): 2.17 - samples/sec: 4209.11 - lr: 0.100000 - momentum: 0.000000
2025-10-24 05:39:57,882 epoch 10 - iter 46/234 - loss 0.04404831 - time (sec): 4.22 - samples/sec: 4207.80 - lr: 0.100000 - momentum: 0.000000
2025-10-24 05:39:59,963 epoch 10 - iter 69/234 - loss 0.04461085 - time (sec): 6.30 - samples/sec: 4328.77 - lr: 0.100000 - momentum: 0.000000
2025-10-24 05:40:02,015 epoch 10 - iter 92/234 - loss 0.04368239 - time (sec): 8.35 - samples/sec: 4351.27 - lr: 0.100000 - momentum: 0.000000
2025-10-24 05:40:04,470 epoch 10 - iter 115/234 - loss 0.04411449 - time (sec): 10.81 - samples/sec: 4192.13 - lr: 0.100000 - momentum: 0.000000
2025-10-24 05:40:07,927 epoch 10 - iter 138/234 - loss 0.04353583 - time (sec): 14.26 - samples/sec: 3846.31 - lr: 0.100000 - momentum: 0.000000
2025-10-24 05:40:10,908 epoch 10 - iter 161/234 - loss 0.04332025 - time (sec): 17.25 - samples/sec: 3721.27 - lr: 0.100000 - momentum: 0.000000
2025-10-24 05:40:13,527 epoch 10 - iter 184/234 - loss 0.04283418 - time (sec): 19.87 - samples/sec: 3694.86 - lr: 0.100000 - momentum: 0.000000
2025-10-24 05:40:15,617 epoch 10 - iter 207/234 - loss 0.04320075 - time (sec): 21.96 - samples/sec: 3758.78 - lr: 0.100000 - momentum: 0.000000
2025-10-24 05:40:18,121 epoch 10 - iter 230/234 - loss 0.04226914 - time (sec): 24.46 - samples/sec: 3732.59 - lr: 0.100000 - momentum: 0.000000
2025-10-24 05:40:18,585 ----------------------------------------------------------------------------------------------------
2025-10-24 05:40:18,587 EPOCH 10 done: loss 0.0423 - lr: 0.100000
2025-10-24 05:40:35,003 DEV : loss 0.04474673420190811 - f1-score (micro avg)  0.9334
2025-10-24 05:40:48,797 TEST : loss 0.07555651664733887 - f1-score (micro avg)  0.9022
2025-10-24 05:40:48,962  - 0 epochs without improvement
2025-10-24 05:40:48,967 saving best model
2025-10-24 05:40:59,957 ----------------------------------------------------------------------------------------------------
2025-10-24 05:40:59,983 Loading model from best epoch ...
2025-10-24 05:41:01,653 SequenceTagger predicts: Dictionary with 19 tags: O, S-LOC, B-LOC, E-LOC, I-LOC, S-ORG, B-ORG, E-ORG, I-ORG, S-PER, B-PER, E-PER, I-PER, S-MISC, B-MISC, E-MISC, I-MISC, <START>, <STOP>
2025-10-24 05:41:18,673 
Results:
- F-score (micro) 0.9022
- F-score (macro) 0.8902
- Accuracy 0.861

By class:
              precision    recall  f1-score   support

         ORG     0.8393    0.8958    0.8666      1661
         LOC     0.9329    0.9251    0.9290      1668
         PER     0.9675    0.9388    0.9529      1617
        MISC     0.8017    0.8234    0.8124       702

   micro avg     0.8968    0.9078    0.9022      5648
   macro avg     0.8853    0.8958    0.8902      5648
weighted avg     0.8990    0.9078    0.9030      5648

2025-10-24 05:41:18,675 ----------------------------------------------------------------------------------------------------
