2025-10-24 06:56:15,315 ----------------------------------------------------------------------------------------------------
2025-10-24 06:56:15,317 Model: "SequenceTagger(
  (embeddings): StackedEmbeddings(
    (list_embedding_0): WordEmbeddings(
      'glove'
      (embedding): Embedding(400001, 100)
    )
    (list_embedding_1): FlairEmbeddings(
      (lm): LanguageModel(
        (drop): Dropout(p=0.05, inplace=False)
        (encoder): Embedding(300, 100)
        (rnn): LSTM(100, 2048)
      )
    )
    (list_embedding_2): FlairEmbeddings(
      (lm): LanguageModel(
        (drop): Dropout(p=0.05, inplace=False)
        (encoder): Embedding(300, 100)
        (rnn): LSTM(100, 2048)
      )
    )
  )
  (word_dropout): WordDropout(p=0.05)
  (locked_dropout): LockedDropout(p=0.5)
  (embedding2nn): Linear(in_features=4196, out_features=4196, bias=True)
  (rnn): LSTM(4196, 256, batch_first=True, bidirectional=True)
  (linear): Linear(in_features=512, out_features=19, bias=True)
  (loss_function): ViterbiLoss()
  (crf): CRF()
)"
2025-10-24 06:56:15,317 ----------------------------------------------------------------------------------------------------
2025-10-24 06:56:15,319 Corpus: 9141 train + 3466 dev + 3684 test sentences
2025-10-24 06:56:15,320 ----------------------------------------------------------------------------------------------------
2025-10-24 06:56:15,322 Train:  9141 sentences
2025-10-24 06:56:15,324         (train_with_dev=False, train_with_test=False)
2025-10-24 06:56:15,325 ----------------------------------------------------------------------------------------------------
2025-10-24 06:56:15,326 Training Params:
2025-10-24 06:56:15,327  - learning_rate: "0.1" 
2025-10-24 06:56:15,328  - mini_batch_size: "32"
2025-10-24 06:56:15,329  - max_epochs: "10"
2025-10-24 06:56:15,330  - shuffle: "True"
2025-10-24 06:56:15,331 ----------------------------------------------------------------------------------------------------
2025-10-24 06:56:15,331 Plugins:
2025-10-24 06:56:15,332  - AnnealOnPlateau | patience: '3', anneal_factor: '0.5', min_learning_rate: '0.0001'
2025-10-24 06:56:15,334 ----------------------------------------------------------------------------------------------------
2025-10-24 06:56:15,335 Final evaluation on model from best epoch (best-model.pt)
2025-10-24 06:56:15,336  - metric: "('micro avg', 'f1-score')"
2025-10-24 06:56:15,337 ----------------------------------------------------------------------------------------------------
2025-10-24 06:56:15,338 Computation:
2025-10-24 06:56:15,339  - compute on device: cuda:0
2025-10-24 06:56:15,340  - embedding storage: cpu
2025-10-24 06:56:15,341 ----------------------------------------------------------------------------------------------------
2025-10-24 06:56:15,341 Model training base path: "resources/taggers/model_chunk_4"
2025-10-24 06:56:15,342 ----------------------------------------------------------------------------------------------------
2025-10-24 06:56:15,344 ----------------------------------------------------------------------------------------------------
2025-10-24 06:56:25,283 epoch 1 - iter 28/286 - loss 0.96168603 - time (sec): 9.94 - samples/sec: 1146.28 - lr: 0.100000 - momentum: 0.000000
2025-10-24 06:56:34,862 epoch 1 - iter 56/286 - loss 0.68549914 - time (sec): 19.52 - samples/sec: 1176.11 - lr: 0.100000 - momentum: 0.000000
2025-10-24 06:56:44,753 epoch 1 - iter 84/286 - loss 0.55334191 - time (sec): 29.41 - samples/sec: 1178.50 - lr: 0.100000 - momentum: 0.000000
2025-10-24 06:56:54,280 epoch 1 - iter 112/286 - loss 0.47445005 - time (sec): 38.93 - samples/sec: 1179.42 - lr: 0.100000 - momentum: 0.000000
2025-10-24 06:57:04,496 epoch 1 - iter 140/286 - loss 0.42515317 - time (sec): 49.15 - samples/sec: 1161.18 - lr: 0.100000 - momentum: 0.000000
2025-10-24 06:57:14,366 epoch 1 - iter 168/286 - loss 0.38930652 - time (sec): 59.02 - samples/sec: 1153.86 - lr: 0.100000 - momentum: 0.000000
2025-10-24 06:57:24,506 epoch 1 - iter 196/286 - loss 0.35804991 - time (sec): 69.16 - samples/sec: 1147.52 - lr: 0.100000 - momentum: 0.000000
2025-10-24 06:57:34,737 epoch 1 - iter 224/286 - loss 0.33259260 - time (sec): 79.39 - samples/sec: 1143.02 - lr: 0.100000 - momentum: 0.000000
2025-10-24 06:57:45,450 epoch 1 - iter 252/286 - loss 0.31286572 - time (sec): 90.10 - samples/sec: 1134.36 - lr: 0.100000 - momentum: 0.000000
2025-10-24 06:57:55,809 epoch 1 - iter 280/286 - loss 0.29856168 - time (sec): 100.46 - samples/sec: 1127.00 - lr: 0.100000 - momentum: 0.000000
2025-10-24 06:57:58,274 ----------------------------------------------------------------------------------------------------
2025-10-24 06:57:58,275 EPOCH 1 done: loss 0.2943 - lr: 0.100000
2025-10-24 06:58:35,105 DEV : loss 0.0931384414434433 - f1-score (micro avg)  0.8703
2025-10-24 06:59:09,316 TEST : loss 0.1000366359949112 - f1-score (micro avg)  0.8518
2025-10-24 06:59:09,481  - 0 epochs without improvement
2025-10-24 06:59:09,487 saving best model
2025-10-24 06:59:11,012 ----------------------------------------------------------------------------------------------------
2025-10-24 06:59:13,950 epoch 2 - iter 28/286 - loss 0.12628677 - time (sec): 2.94 - samples/sec: 3802.13 - lr: 0.100000 - momentum: 0.000000
2025-10-24 06:59:17,012 epoch 2 - iter 56/286 - loss 0.13020883 - time (sec): 6.00 - samples/sec: 3769.82 - lr: 0.100000 - momentum: 0.000000
2025-10-24 06:59:19,698 epoch 2 - iter 84/286 - loss 0.12625894 - time (sec): 8.68 - samples/sec: 3830.74 - lr: 0.100000 - momentum: 0.000000
2025-10-24 06:59:22,529 epoch 2 - iter 112/286 - loss 0.12699331 - time (sec): 11.52 - samples/sec: 3876.13 - lr: 0.100000 - momentum: 0.000000
2025-10-24 06:59:25,513 epoch 2 - iter 140/286 - loss 0.12417347 - time (sec): 14.50 - samples/sec: 3905.77 - lr: 0.100000 - momentum: 0.000000
2025-10-24 06:59:29,160 epoch 2 - iter 168/286 - loss 0.12255585 - time (sec): 18.15 - samples/sec: 3753.83 - lr: 0.100000 - momentum: 0.000000
2025-10-24 06:59:31,675 epoch 2 - iter 196/286 - loss 0.12088637 - time (sec): 20.66 - samples/sec: 3807.57 - lr: 0.100000 - momentum: 0.000000
2025-10-24 06:59:34,276 epoch 2 - iter 224/286 - loss 0.11890306 - time (sec): 23.26 - samples/sec: 3871.99 - lr: 0.100000 - momentum: 0.000000
2025-10-24 06:59:36,821 epoch 2 - iter 252/286 - loss 0.11661393 - time (sec): 25.81 - samples/sec: 3945.77 - lr: 0.100000 - momentum: 0.000000
2025-10-24 06:59:39,547 epoch 2 - iter 280/286 - loss 0.11433465 - time (sec): 28.53 - samples/sec: 3973.13 - lr: 0.100000 - momentum: 0.000000
2025-10-24 06:59:40,201 ----------------------------------------------------------------------------------------------------
2025-10-24 06:59:40,203 EPOCH 2 done: loss 0.1141 - lr: 0.100000
2025-10-24 06:59:54,942 DEV : loss 0.06247752159833908 - f1-score (micro avg)  0.9066
2025-10-24 07:00:08,564 TEST : loss 0.08307010680437088 - f1-score (micro avg)  0.8782
2025-10-24 07:00:08,733  - 0 epochs without improvement
2025-10-24 07:00:08,738 saving best model
2025-10-24 07:00:10,270 ----------------------------------------------------------------------------------------------------
2025-10-24 07:00:13,040 epoch 3 - iter 28/286 - loss 0.08775631 - time (sec): 2.77 - samples/sec: 4159.15 - lr: 0.100000 - momentum: 0.000000
2025-10-24 07:00:15,641 epoch 3 - iter 56/286 - loss 0.09351413 - time (sec): 5.37 - samples/sec: 4354.35 - lr: 0.100000 - momentum: 0.000000
2025-10-24 07:00:18,437 epoch 3 - iter 84/286 - loss 0.09492133 - time (sec): 8.16 - samples/sec: 4163.02 - lr: 0.100000 - momentum: 0.000000
2025-10-24 07:00:23,159 epoch 3 - iter 112/286 - loss 0.09566115 - time (sec): 12.89 - samples/sec: 3513.61 - lr: 0.100000 - momentum: 0.000000
2025-10-24 07:00:26,803 epoch 3 - iter 140/286 - loss 0.09252378 - time (sec): 16.53 - samples/sec: 3433.11 - lr: 0.100000 - momentum: 0.000000
2025-10-24 07:00:29,380 epoch 3 - iter 168/286 - loss 0.08995816 - time (sec): 19.11 - samples/sec: 3557.77 - lr: 0.100000 - momentum: 0.000000
2025-10-24 07:00:31,846 epoch 3 - iter 196/286 - loss 0.09028770 - time (sec): 21.57 - samples/sec: 3679.37 - lr: 0.100000 - momentum: 0.000000
2025-10-24 07:00:35,284 epoch 3 - iter 224/286 - loss 0.08906196 - time (sec): 25.01 - samples/sec: 3639.41 - lr: 0.100000 - momentum: 0.000000
2025-10-24 07:00:37,951 epoch 3 - iter 252/286 - loss 0.08905585 - time (sec): 27.68 - samples/sec: 3685.65 - lr: 0.100000 - momentum: 0.000000
2025-10-24 07:00:40,600 epoch 3 - iter 280/286 - loss 0.08842688 - time (sec): 30.33 - samples/sec: 3744.42 - lr: 0.100000 - momentum: 0.000000
2025-10-24 07:00:41,150 ----------------------------------------------------------------------------------------------------
2025-10-24 07:00:41,151 EPOCH 3 done: loss 0.0884 - lr: 0.100000
2025-10-24 07:00:57,117 DEV : loss 0.05225304886698723 - f1-score (micro avg)  0.9185
2025-10-24 07:01:10,760 TEST : loss 0.0739968866109848 - f1-score (micro avg)  0.8912
2025-10-24 07:01:11,002  - 0 epochs without improvement
2025-10-24 07:01:11,007 saving best model
2025-10-24 07:01:15,042 ----------------------------------------------------------------------------------------------------
2025-10-24 07:01:17,803 epoch 4 - iter 28/286 - loss 0.06609364 - time (sec): 2.76 - samples/sec: 4283.21 - lr: 0.100000 - momentum: 0.000000
2025-10-24 07:01:20,728 epoch 4 - iter 56/286 - loss 0.07025700 - time (sec): 5.68 - samples/sec: 4002.47 - lr: 0.100000 - momentum: 0.000000
2025-10-24 07:01:23,948 epoch 4 - iter 84/286 - loss 0.07207260 - time (sec): 8.90 - samples/sec: 3757.55 - lr: 0.100000 - momentum: 0.000000
2025-10-24 07:01:29,077 epoch 4 - iter 112/286 - loss 0.07511007 - time (sec): 14.03 - samples/sec: 3205.72 - lr: 0.100000 - momentum: 0.000000
2025-10-24 07:01:32,504 epoch 4 - iter 140/286 - loss 0.07429674 - time (sec): 17.46 - samples/sec: 3228.70 - lr: 0.100000 - momentum: 0.000000
2025-10-24 07:01:35,139 epoch 4 - iter 168/286 - loss 0.07379548 - time (sec): 20.09 - samples/sec: 3388.49 - lr: 0.100000 - momentum: 0.000000
2025-10-24 07:01:37,669 epoch 4 - iter 196/286 - loss 0.07332078 - time (sec): 22.62 - samples/sec: 3496.94 - lr: 0.100000 - momentum: 0.000000
2025-10-24 07:01:41,103 epoch 4 - iter 224/286 - loss 0.07340144 - time (sec): 26.06 - samples/sec: 3471.39 - lr: 0.100000 - momentum: 0.000000
2025-10-24 07:01:43,745 epoch 4 - iter 252/286 - loss 0.07310204 - time (sec): 28.70 - samples/sec: 3565.75 - lr: 0.100000 - momentum: 0.000000
2025-10-24 07:01:46,277 epoch 4 - iter 280/286 - loss 0.07184596 - time (sec): 31.23 - samples/sec: 3641.80 - lr: 0.100000 - momentum: 0.000000
2025-10-24 07:01:46,781 ----------------------------------------------------------------------------------------------------
2025-10-24 07:01:46,782 EPOCH 4 done: loss 0.0721 - lr: 0.100000
2025-10-24 07:02:00,816 DEV : loss 0.046055734157562256 - f1-score (micro avg)  0.9213
2025-10-24 07:02:16,112 TEST : loss 0.07573381811380386 - f1-score (micro avg)  0.8938
2025-10-24 07:02:16,281  - 0 epochs without improvement
2025-10-24 07:02:16,288 saving best model
2025-10-24 07:02:26,431 ----------------------------------------------------------------------------------------------------
2025-10-24 07:02:29,239 epoch 5 - iter 28/286 - loss 0.06248180 - time (sec): 2.81 - samples/sec: 4006.27 - lr: 0.100000 - momentum: 0.000000
2025-10-24 07:02:32,555 epoch 5 - iter 56/286 - loss 0.06599507 - time (sec): 6.12 - samples/sec: 3725.53 - lr: 0.100000 - momentum: 0.000000
2025-10-24 07:02:35,085 epoch 5 - iter 84/286 - loss 0.06657429 - time (sec): 8.65 - samples/sec: 3919.62 - lr: 0.100000 - momentum: 0.000000
2025-10-24 07:02:37,660 epoch 5 - iter 112/286 - loss 0.06483888 - time (sec): 11.23 - samples/sec: 4024.80 - lr: 0.100000 - momentum: 0.000000
2025-10-24 07:02:40,641 epoch 5 - iter 140/286 - loss 0.06324303 - time (sec): 14.21 - samples/sec: 3949.47 - lr: 0.100000 - momentum: 0.000000
2025-10-24 07:02:45,793 epoch 5 - iter 168/286 - loss 0.06359328 - time (sec): 19.36 - samples/sec: 3500.24 - lr: 0.100000 - momentum: 0.000000
2025-10-24 07:02:48,769 epoch 5 - iter 196/286 - loss 0.06319106 - time (sec): 22.34 - samples/sec: 3548.98 - lr: 0.100000 - momentum: 0.000000
2025-10-24 07:02:51,301 epoch 5 - iter 224/286 - loss 0.06418634 - time (sec): 24.87 - samples/sec: 3656.25 - lr: 0.100000 - momentum: 0.000000
2025-10-24 07:02:53,891 epoch 5 - iter 252/286 - loss 0.06320921 - time (sec): 27.46 - samples/sec: 3733.54 - lr: 0.100000 - momentum: 0.000000
2025-10-24 07:02:56,579 epoch 5 - iter 280/286 - loss 0.06374516 - time (sec): 30.15 - samples/sec: 3767.71 - lr: 0.100000 - momentum: 0.000000
2025-10-24 07:02:57,325 ----------------------------------------------------------------------------------------------------
2025-10-24 07:02:57,328 EPOCH 5 done: loss 0.0636 - lr: 0.100000
2025-10-24 07:03:12,319 DEV : loss 0.044318389147520065 - f1-score (micro avg)  0.9251
2025-10-24 07:03:25,941 TEST : loss 0.07047876715660095 - f1-score (micro avg)  0.8988
2025-10-24 07:03:26,112  - 0 epochs without improvement
2025-10-24 07:03:26,120 saving best model
2025-10-24 07:03:36,292 ----------------------------------------------------------------------------------------------------
2025-10-24 07:03:39,351 epoch 6 - iter 28/286 - loss 0.05797379 - time (sec): 3.05 - samples/sec: 3800.55 - lr: 0.100000 - momentum: 0.000000
2025-10-24 07:03:41,904 epoch 6 - iter 56/286 - loss 0.05867827 - time (sec): 5.61 - samples/sec: 4092.74 - lr: 0.100000 - momentum: 0.000000
2025-10-24 07:03:44,514 epoch 6 - iter 84/286 - loss 0.05693576 - time (sec): 8.22 - samples/sec: 4188.39 - lr: 0.100000 - momentum: 0.000000
2025-10-24 07:03:47,087 epoch 6 - iter 112/286 - loss 0.05738362 - time (sec): 10.79 - samples/sec: 4238.29 - lr: 0.100000 - momentum: 0.000000
2025-10-24 07:03:51,663 epoch 6 - iter 140/286 - loss 0.05547883 - time (sec): 15.37 - samples/sec: 3704.32 - lr: 0.100000 - momentum: 0.000000
2025-10-24 07:03:55,380 epoch 6 - iter 168/286 - loss 0.05629759 - time (sec): 19.08 - samples/sec: 3580.04 - lr: 0.100000 - momentum: 0.000000
2025-10-24 07:03:58,535 epoch 6 - iter 196/286 - loss 0.05584473 - time (sec): 22.24 - samples/sec: 3586.27 - lr: 0.100000 - momentum: 0.000000
2025-10-24 07:04:01,180 epoch 6 - iter 224/286 - loss 0.05614687 - time (sec): 24.88 - samples/sec: 3674.70 - lr: 0.100000 - momentum: 0.000000
2025-10-24 07:04:04,690 epoch 6 - iter 252/286 - loss 0.05589777 - time (sec): 28.39 - samples/sec: 3615.90 - lr: 0.100000 - momentum: 0.000000
2025-10-24 07:04:07,579 epoch 6 - iter 280/286 - loss 0.05576856 - time (sec): 31.28 - samples/sec: 3637.35 - lr: 0.100000 - momentum: 0.000000
2025-10-24 07:04:08,110 ----------------------------------------------------------------------------------------------------
2025-10-24 07:04:08,111 EPOCH 6 done: loss 0.0554 - lr: 0.100000
2025-10-24 07:04:24,035 DEV : loss 0.04257052764296532 - f1-score (micro avg)  0.9335
2025-10-24 07:04:37,960 TEST : loss 0.06675302237272263 - f1-score (micro avg)  0.9049
2025-10-24 07:04:38,144  - 0 epochs without improvement
2025-10-24 07:04:38,151 saving best model
2025-10-24 07:04:40,106 ----------------------------------------------------------------------------------------------------
2025-10-24 07:04:43,622 epoch 7 - iter 28/286 - loss 0.05470598 - time (sec): 3.51 - samples/sec: 3208.15 - lr: 0.100000 - momentum: 0.000000
2025-10-24 07:04:46,116 epoch 7 - iter 56/286 - loss 0.05401395 - time (sec): 6.01 - samples/sec: 3692.13 - lr: 0.100000 - momentum: 0.000000
2025-10-24 07:04:49,021 epoch 7 - iter 84/286 - loss 0.05493487 - time (sec): 8.91 - samples/sec: 3769.43 - lr: 0.100000 - momentum: 0.000000
2025-10-24 07:04:52,606 epoch 7 - iter 112/286 - loss 0.05327524 - time (sec): 12.50 - samples/sec: 3667.94 - lr: 0.100000 - momentum: 0.000000
2025-10-24 07:04:57,375 epoch 7 - iter 140/286 - loss 0.05330630 - time (sec): 17.26 - samples/sec: 3320.84 - lr: 0.100000 - momentum: 0.000000
2025-10-24 07:04:59,990 epoch 7 - iter 168/286 - loss 0.05186776 - time (sec): 19.88 - samples/sec: 3447.66 - lr: 0.100000 - momentum: 0.000000
2025-10-24 07:05:02,511 epoch 7 - iter 196/286 - loss 0.05192217 - time (sec): 22.40 - samples/sec: 3559.86 - lr: 0.100000 - momentum: 0.000000
2025-10-24 07:05:05,131 epoch 7 - iter 224/286 - loss 0.05221971 - time (sec): 25.02 - samples/sec: 3634.04 - lr: 0.100000 - momentum: 0.000000
2025-10-24 07:05:08,161 epoch 7 - iter 252/286 - loss 0.05205622 - time (sec): 28.05 - samples/sec: 3637.92 - lr: 0.100000 - momentum: 0.000000
2025-10-24 07:05:11,316 epoch 7 - iter 280/286 - loss 0.05170552 - time (sec): 31.21 - samples/sec: 3629.01 - lr: 0.100000 - momentum: 0.000000
2025-10-24 07:05:11,871 ----------------------------------------------------------------------------------------------------
2025-10-24 07:05:11,872 EPOCH 7 done: loss 0.0517 - lr: 0.100000
2025-10-24 07:05:26,578 DEV : loss 0.03928287327289581 - f1-score (micro avg)  0.933
2025-10-24 07:05:42,963 TEST : loss 0.06859542429447174 - f1-score (micro avg)  0.9092
2025-10-24 07:05:43,231  - 1 epochs without improvement
2025-10-24 07:05:43,243 ----------------------------------------------------------------------------------------------------
2025-10-24 07:05:46,243 epoch 8 - iter 28/286 - loss 0.05009069 - time (sec): 3.00 - samples/sec: 3797.70 - lr: 0.100000 - momentum: 0.000000
2025-10-24 07:05:49,560 epoch 8 - iter 56/286 - loss 0.04784801 - time (sec): 6.32 - samples/sec: 3579.79 - lr: 0.100000 - momentum: 0.000000
2025-10-24 07:05:52,137 epoch 8 - iter 84/286 - loss 0.04696332 - time (sec): 8.89 - samples/sec: 3781.03 - lr: 0.100000 - momentum: 0.000000
2025-10-24 07:05:54,614 epoch 8 - iter 112/286 - loss 0.04753677 - time (sec): 11.37 - samples/sec: 3970.52 - lr: 0.100000 - momentum: 0.000000
2025-10-24 07:05:57,022 epoch 8 - iter 140/286 - loss 0.04770459 - time (sec): 13.78 - samples/sec: 4067.05 - lr: 0.100000 - momentum: 0.000000
2025-10-24 07:05:59,743 epoch 8 - iter 168/286 - loss 0.04770303 - time (sec): 16.50 - samples/sec: 4093.77 - lr: 0.100000 - momentum: 0.000000
2025-10-24 07:06:03,078 epoch 8 - iter 196/286 - loss 0.04755393 - time (sec): 19.83 - samples/sec: 3976.43 - lr: 0.100000 - momentum: 0.000000
2025-10-24 07:06:05,684 epoch 8 - iter 224/286 - loss 0.04786414 - time (sec): 22.44 - samples/sec: 4032.74 - lr: 0.100000 - momentum: 0.000000
2025-10-24 07:06:08,414 epoch 8 - iter 252/286 - loss 0.04711221 - time (sec): 25.17 - samples/sec: 4061.56 - lr: 0.100000 - momentum: 0.000000
2025-10-24 07:06:11,026 epoch 8 - iter 280/286 - loss 0.04730073 - time (sec): 27.78 - samples/sec: 4080.31 - lr: 0.100000 - momentum: 0.000000
2025-10-24 07:06:11,607 ----------------------------------------------------------------------------------------------------
2025-10-24 07:06:11,608 EPOCH 8 done: loss 0.0474 - lr: 0.100000
2025-10-24 07:06:26,285 DEV : loss 0.038658902049064636 - f1-score (micro avg)  0.9384
2025-10-24 07:06:41,800 TEST : loss 0.07225801050662994 - f1-score (micro avg)  0.907
2025-10-24 07:06:42,102  - 0 epochs without improvement
2025-10-24 07:06:42,110 saving best model
2025-10-24 07:06:47,282 ----------------------------------------------------------------------------------------------------
2025-10-24 07:06:50,504 epoch 9 - iter 28/286 - loss 0.05042477 - time (sec): 3.22 - samples/sec: 3502.33 - lr: 0.100000 - momentum: 0.000000
2025-10-24 07:06:56,345 epoch 9 - iter 56/286 - loss 0.04608487 - time (sec): 9.06 - samples/sec: 2482.32 - lr: 0.100000 - momentum: 0.000000
2025-10-24 07:07:00,295 epoch 9 - iter 84/286 - loss 0.04365651 - time (sec): 13.01 - samples/sec: 2615.84 - lr: 0.100000 - momentum: 0.000000
2025-10-24 07:07:04,260 epoch 9 - iter 112/286 - loss 0.04387535 - time (sec): 16.97 - samples/sec: 2689.14 - lr: 0.100000 - momentum: 0.000000
2025-10-24 07:07:07,386 epoch 9 - iter 140/286 - loss 0.04477747 - time (sec): 20.10 - samples/sec: 2826.50 - lr: 0.100000 - momentum: 0.000000
2025-10-24 07:07:10,455 epoch 9 - iter 168/286 - loss 0.04506324 - time (sec): 23.17 - samples/sec: 2943.52 - lr: 0.100000 - momentum: 0.000000
2025-10-24 07:07:13,293 epoch 9 - iter 196/286 - loss 0.04468853 - time (sec): 26.01 - samples/sec: 3065.00 - lr: 0.100000 - momentum: 0.000000
2025-10-24 07:07:16,097 epoch 9 - iter 224/286 - loss 0.04400863 - time (sec): 28.81 - samples/sec: 3173.64 - lr: 0.100000 - momentum: 0.000000
2025-10-24 07:07:18,935 epoch 9 - iter 252/286 - loss 0.04398593 - time (sec): 31.65 - samples/sec: 3246.61 - lr: 0.100000 - momentum: 0.000000
2025-10-24 07:07:22,307 epoch 9 - iter 280/286 - loss 0.04393174 - time (sec): 35.02 - samples/sec: 3245.50 - lr: 0.100000 - momentum: 0.000000
2025-10-24 07:07:22,833 ----------------------------------------------------------------------------------------------------
2025-10-24 07:07:22,835 EPOCH 9 done: loss 0.0439 - lr: 0.100000
2025-10-24 07:07:42,833 DEV : loss 0.03834884613752365 - f1-score (micro avg)  0.9364
2025-10-24 07:07:56,749 TEST : loss 0.07750898599624634 - f1-score (micro avg)  0.8999
2025-10-24 07:07:56,936  - 1 epochs without improvement
2025-10-24 07:07:56,943 ----------------------------------------------------------------------------------------------------
2025-10-24 07:08:00,013 epoch 10 - iter 28/286 - loss 0.03615493 - time (sec): 3.07 - samples/sec: 3627.53 - lr: 0.100000 - momentum: 0.000000
2025-10-24 07:08:03,686 epoch 10 - iter 56/286 - loss 0.03508890 - time (sec): 6.74 - samples/sec: 3388.64 - lr: 0.100000 - momentum: 0.000000
2025-10-24 07:08:06,361 epoch 10 - iter 84/286 - loss 0.03921354 - time (sec): 9.42 - samples/sec: 3646.94 - lr: 0.100000 - momentum: 0.000000
2025-10-24 07:08:08,912 epoch 10 - iter 112/286 - loss 0.04140570 - time (sec): 11.97 - samples/sec: 3824.22 - lr: 0.100000 - momentum: 0.000000
2025-10-24 07:08:11,470 epoch 10 - iter 140/286 - loss 0.04077150 - time (sec): 14.52 - samples/sec: 3917.85 - lr: 0.100000 - momentum: 0.000000
2025-10-24 07:08:14,812 epoch 10 - iter 168/286 - loss 0.04060994 - time (sec): 17.87 - samples/sec: 3833.12 - lr: 0.100000 - momentum: 0.000000
2025-10-24 07:08:17,343 epoch 10 - iter 196/286 - loss 0.04094818 - time (sec): 20.40 - samples/sec: 3880.59 - lr: 0.100000 - momentum: 0.000000
2025-10-24 07:08:19,890 epoch 10 - iter 224/286 - loss 0.04061679 - time (sec): 22.94 - samples/sec: 3954.48 - lr: 0.100000 - momentum: 0.000000
2025-10-24 07:08:22,445 epoch 10 - iter 252/286 - loss 0.04097595 - time (sec): 25.50 - samples/sec: 4002.27 - lr: 0.100000 - momentum: 0.000000
2025-10-24 07:08:25,098 epoch 10 - iter 280/286 - loss 0.04173863 - time (sec): 28.15 - samples/sec: 4024.21 - lr: 0.100000 - momentum: 0.000000
2025-10-24 07:08:25,822 ----------------------------------------------------------------------------------------------------
2025-10-24 07:08:25,824 EPOCH 10 done: loss 0.0415 - lr: 0.100000
2025-10-24 07:08:43,452 DEV : loss 0.03768768161535263 - f1-score (micro avg)  0.9383
2025-10-24 07:08:57,574 TEST : loss 0.0694749653339386 - f1-score (micro avg)  0.9105
2025-10-24 07:08:57,740  - 2 epochs without improvement
2025-10-24 07:09:18,696 ----------------------------------------------------------------------------------------------------
2025-10-24 07:09:18,698 Loading model from best epoch ...
2025-10-24 07:09:20,448 SequenceTagger predicts: Dictionary with 19 tags: O, S-LOC, B-LOC, E-LOC, I-LOC, S-PER, B-PER, E-PER, I-PER, S-ORG, B-ORG, E-ORG, I-ORG, S-MISC, B-MISC, E-MISC, I-MISC, <START>, <STOP>
2025-10-24 07:09:36,676 
Results:
- F-score (micro) 0.907
- F-score (macro) 0.8942
- Accuracy 0.865

By class:
              precision    recall  f1-score   support

         ORG     0.8375    0.9121    0.8732      1661
         LOC     0.9502    0.9035    0.9262      1668
         PER     0.9597    0.9709    0.9653      1617
        MISC     0.8025    0.8219    0.8121       702

   micro avg     0.8990    0.9152    0.9070      5648
   macro avg     0.8875    0.9021    0.8942      5648
weighted avg     0.9014    0.9152    0.9076      5648

2025-10-24 07:09:36,677 ----------------------------------------------------------------------------------------------------
