2025-10-24 07:09:45,578 ----------------------------------------------------------------------------------------------------
2025-10-24 07:09:45,580 Model: "SequenceTagger(
  (embeddings): StackedEmbeddings(
    (list_embedding_0): WordEmbeddings(
      'glove'
      (embedding): Embedding(400001, 100)
    )
    (list_embedding_1): FlairEmbeddings(
      (lm): LanguageModel(
        (drop): Dropout(p=0.05, inplace=False)
        (encoder): Embedding(300, 100)
        (rnn): LSTM(100, 2048)
      )
    )
    (list_embedding_2): FlairEmbeddings(
      (lm): LanguageModel(
        (drop): Dropout(p=0.05, inplace=False)
        (encoder): Embedding(300, 100)
        (rnn): LSTM(100, 2048)
      )
    )
  )
  (word_dropout): WordDropout(p=0.05)
  (locked_dropout): LockedDropout(p=0.5)
  (embedding2nn): Linear(in_features=4196, out_features=4196, bias=True)
  (rnn): LSTM(4196, 256, batch_first=True, bidirectional=True)
  (linear): Linear(in_features=512, out_features=19, bias=True)
  (loss_function): ViterbiLoss()
  (crf): CRF()
)"
2025-10-24 07:09:45,583 ----------------------------------------------------------------------------------------------------
2025-10-24 07:09:45,585 Corpus: 10634 train + 3466 dev + 3684 test sentences
2025-10-24 07:09:45,586 ----------------------------------------------------------------------------------------------------
2025-10-24 07:09:45,587 Train:  10634 sentences
2025-10-24 07:09:45,589         (train_with_dev=False, train_with_test=False)
2025-10-24 07:09:45,591 ----------------------------------------------------------------------------------------------------
2025-10-24 07:09:45,592 Training Params:
2025-10-24 07:09:45,593  - learning_rate: "0.1" 
2025-10-24 07:09:45,596  - mini_batch_size: "32"
2025-10-24 07:09:45,598  - max_epochs: "10"
2025-10-24 07:09:45,600  - shuffle: "True"
2025-10-24 07:09:45,600 ----------------------------------------------------------------------------------------------------
2025-10-24 07:09:45,602 Plugins:
2025-10-24 07:09:45,603  - AnnealOnPlateau | patience: '3', anneal_factor: '0.5', min_learning_rate: '0.0001'
2025-10-24 07:09:45,604 ----------------------------------------------------------------------------------------------------
2025-10-24 07:09:45,606 Final evaluation on model from best epoch (best-model.pt)
2025-10-24 07:09:45,607  - metric: "('micro avg', 'f1-score')"
2025-10-24 07:09:45,608 ----------------------------------------------------------------------------------------------------
2025-10-24 07:09:45,608 Computation:
2025-10-24 07:09:45,611  - compute on device: cuda:0
2025-10-24 07:09:45,612  - embedding storage: cpu
2025-10-24 07:09:45,614 ----------------------------------------------------------------------------------------------------
2025-10-24 07:09:45,615 Model training base path: "resources/taggers/model_chunk_5"
2025-10-24 07:09:45,616 ----------------------------------------------------------------------------------------------------
2025-10-24 07:09:45,618 ----------------------------------------------------------------------------------------------------
2025-10-24 07:09:57,259 epoch 1 - iter 33/333 - loss 0.86390532 - time (sec): 11.64 - samples/sec: 1190.36 - lr: 0.100000 - momentum: 0.000000
2025-10-24 07:10:09,833 epoch 1 - iter 66/333 - loss 0.61849033 - time (sec): 24.21 - samples/sec: 1135.53 - lr: 0.100000 - momentum: 0.000000
2025-10-24 07:10:22,046 epoch 1 - iter 99/333 - loss 0.51069915 - time (sec): 36.43 - samples/sec: 1122.94 - lr: 0.100000 - momentum: 0.000000
2025-10-24 07:10:34,282 epoch 1 - iter 132/333 - loss 0.43996437 - time (sec): 48.66 - samples/sec: 1115.24 - lr: 0.100000 - momentum: 0.000000
2025-10-24 07:10:47,060 epoch 1 - iter 165/333 - loss 0.38970101 - time (sec): 61.44 - samples/sec: 1116.18 - lr: 0.100000 - momentum: 0.000000
2025-10-24 07:10:59,236 epoch 1 - iter 198/333 - loss 0.35391048 - time (sec): 73.62 - samples/sec: 1117.02 - lr: 0.100000 - momentum: 0.000000
2025-10-24 07:11:11,796 epoch 1 - iter 231/333 - loss 0.32511269 - time (sec): 86.18 - samples/sec: 1120.19 - lr: 0.100000 - momentum: 0.000000
2025-10-24 07:11:23,864 epoch 1 - iter 264/333 - loss 0.30334201 - time (sec): 98.24 - samples/sec: 1121.02 - lr: 0.100000 - momentum: 0.000000
2025-10-24 07:11:36,465 epoch 1 - iter 297/333 - loss 0.28541971 - time (sec): 110.84 - samples/sec: 1117.59 - lr: 0.100000 - momentum: 0.000000
2025-10-24 07:11:49,237 epoch 1 - iter 330/333 - loss 0.26857423 - time (sec): 123.62 - samples/sec: 1119.03 - lr: 0.100000 - momentum: 0.000000
2025-10-24 07:11:50,284 ----------------------------------------------------------------------------------------------------
2025-10-24 07:11:50,286 EPOCH 1 done: loss 0.2673 - lr: 0.100000
2025-10-24 07:12:30,134 DEV : loss 0.08570894598960876 - f1-score (micro avg)  0.8798
2025-10-24 07:13:04,631 TEST : loss 0.09500234574079514 - f1-score (micro avg)  0.8454
2025-10-24 07:13:04,809  - 0 epochs without improvement
2025-10-24 07:13:04,818 saving best model
2025-10-24 07:13:12,830 ----------------------------------------------------------------------------------------------------
2025-10-24 07:13:16,350 epoch 2 - iter 33/333 - loss 0.12096206 - time (sec): 3.51 - samples/sec: 4048.61 - lr: 0.100000 - momentum: 0.000000
2025-10-24 07:13:19,566 epoch 2 - iter 66/333 - loss 0.12331231 - time (sec): 6.73 - samples/sec: 4140.35 - lr: 0.100000 - momentum: 0.000000
2025-10-24 07:13:22,923 epoch 2 - iter 99/333 - loss 0.11723437 - time (sec): 10.09 - samples/sec: 4145.69 - lr: 0.100000 - momentum: 0.000000
2025-10-24 07:13:27,766 epoch 2 - iter 132/333 - loss 0.11617689 - time (sec): 14.93 - samples/sec: 3743.76 - lr: 0.100000 - momentum: 0.000000
2025-10-24 07:13:31,628 epoch 2 - iter 165/333 - loss 0.11562828 - time (sec): 18.79 - samples/sec: 3685.60 - lr: 0.100000 - momentum: 0.000000
2025-10-24 07:13:35,403 epoch 2 - iter 198/333 - loss 0.11163778 - time (sec): 22.57 - samples/sec: 3693.62 - lr: 0.100000 - momentum: 0.000000
2025-10-24 07:13:39,541 epoch 2 - iter 231/333 - loss 0.10925521 - time (sec): 26.71 - samples/sec: 3644.58 - lr: 0.100000 - momentum: 0.000000
2025-10-24 07:13:42,889 epoch 2 - iter 264/333 - loss 0.10675886 - time (sec): 30.05 - samples/sec: 3698.38 - lr: 0.100000 - momentum: 0.000000
2025-10-24 07:13:46,263 epoch 2 - iter 297/333 - loss 0.10607471 - time (sec): 33.43 - samples/sec: 3730.70 - lr: 0.100000 - momentum: 0.000000
2025-10-24 07:13:49,686 epoch 2 - iter 330/333 - loss 0.10488403 - time (sec): 36.85 - samples/sec: 3755.06 - lr: 0.100000 - momentum: 0.000000
2025-10-24 07:13:50,010 ----------------------------------------------------------------------------------------------------
2025-10-24 07:13:50,013 EPOCH 2 done: loss 0.1049 - lr: 0.100000
2025-10-24 07:14:06,672 DEV : loss 0.053446996957063675 - f1-score (micro avg)  0.9104
2025-10-24 07:14:21,796 TEST : loss 0.08029884099960327 - f1-score (micro avg)  0.8782
2025-10-24 07:14:21,974  - 0 epochs without improvement
2025-10-24 07:14:21,980 saving best model
2025-10-24 07:14:43,934 ----------------------------------------------------------------------------------------------------
2025-10-24 07:14:47,333 epoch 3 - iter 33/333 - loss 0.08864876 - time (sec): 3.40 - samples/sec: 3826.21 - lr: 0.100000 - momentum: 0.000000
2025-10-24 07:14:50,774 epoch 3 - iter 66/333 - loss 0.08415074 - time (sec): 6.84 - samples/sec: 3948.40 - lr: 0.100000 - momentum: 0.000000
2025-10-24 07:14:54,605 epoch 3 - iter 99/333 - loss 0.08409701 - time (sec): 10.67 - samples/sec: 3799.17 - lr: 0.100000 - momentum: 0.000000
2025-10-24 07:14:59,016 epoch 3 - iter 132/333 - loss 0.08460350 - time (sec): 15.08 - samples/sec: 3648.43 - lr: 0.100000 - momentum: 0.000000
2025-10-24 07:15:03,869 epoch 3 - iter 165/333 - loss 0.08284023 - time (sec): 19.93 - samples/sec: 3467.41 - lr: 0.100000 - momentum: 0.000000
2025-10-24 07:15:07,835 epoch 3 - iter 198/333 - loss 0.08212771 - time (sec): 23.90 - samples/sec: 3473.58 - lr: 0.100000 - momentum: 0.000000
2025-10-24 07:15:11,464 epoch 3 - iter 231/333 - loss 0.08147383 - time (sec): 27.53 - samples/sec: 3526.22 - lr: 0.100000 - momentum: 0.000000
2025-10-24 07:15:15,086 epoch 3 - iter 264/333 - loss 0.08229939 - time (sec): 31.15 - samples/sec: 3564.22 - lr: 0.100000 - momentum: 0.000000
2025-10-24 07:15:18,466 epoch 3 - iter 297/333 - loss 0.08153420 - time (sec): 34.53 - samples/sec: 3610.10 - lr: 0.100000 - momentum: 0.000000
2025-10-24 07:15:22,466 epoch 3 - iter 330/333 - loss 0.08115628 - time (sec): 38.53 - samples/sec: 3592.70 - lr: 0.100000 - momentum: 0.000000
2025-10-24 07:15:22,732 ----------------------------------------------------------------------------------------------------
2025-10-24 07:15:22,733 EPOCH 3 done: loss 0.0812 - lr: 0.100000
2025-10-24 07:15:40,501 DEV : loss 0.04622123762965202 - f1-score (micro avg)  0.9245
2025-10-24 07:15:55,596 TEST : loss 0.06614664942026138 - f1-score (micro avg)  0.8982
2025-10-24 07:15:55,779  - 0 epochs without improvement
2025-10-24 07:15:55,788 saving best model
2025-10-24 07:16:27,323 ----------------------------------------------------------------------------------------------------
2025-10-24 07:16:30,586 epoch 4 - iter 33/333 - loss 0.06590985 - time (sec): 3.26 - samples/sec: 4038.69 - lr: 0.100000 - momentum: 0.000000
2025-10-24 07:16:33,920 epoch 4 - iter 66/333 - loss 0.07080314 - time (sec): 6.59 - samples/sec: 4041.56 - lr: 0.100000 - momentum: 0.000000
2025-10-24 07:16:39,019 epoch 4 - iter 99/333 - loss 0.07113773 - time (sec): 11.69 - samples/sec: 3521.02 - lr: 0.100000 - momentum: 0.000000
2025-10-24 07:16:43,639 epoch 4 - iter 132/333 - loss 0.07145960 - time (sec): 16.31 - samples/sec: 3376.01 - lr: 0.100000 - momentum: 0.000000
2025-10-24 07:16:47,268 epoch 4 - iter 165/333 - loss 0.07094678 - time (sec): 19.94 - samples/sec: 3471.75 - lr: 0.100000 - momentum: 0.000000
2025-10-24 07:16:51,358 epoch 4 - iter 198/333 - loss 0.06952100 - time (sec): 24.03 - samples/sec: 3453.64 - lr: 0.100000 - momentum: 0.000000
2025-10-24 07:16:54,937 epoch 4 - iter 231/333 - loss 0.06930905 - time (sec): 27.61 - samples/sec: 3506.55 - lr: 0.100000 - momentum: 0.000000
2025-10-24 07:16:58,261 epoch 4 - iter 264/333 - loss 0.06854921 - time (sec): 30.93 - samples/sec: 3581.82 - lr: 0.100000 - momentum: 0.000000
2025-10-24 07:17:01,995 epoch 4 - iter 297/333 - loss 0.06786218 - time (sec): 34.67 - samples/sec: 3600.16 - lr: 0.100000 - momentum: 0.000000
2025-10-24 07:17:05,774 epoch 4 - iter 330/333 - loss 0.06837793 - time (sec): 38.45 - samples/sec: 3600.33 - lr: 0.100000 - momentum: 0.000000
2025-10-24 07:17:06,057 ----------------------------------------------------------------------------------------------------
2025-10-24 07:17:06,061 EPOCH 4 done: loss 0.0684 - lr: 0.100000
2025-10-24 07:17:21,893 DEV : loss 0.040948912501335144 - f1-score (micro avg)  0.9268
2025-10-24 07:17:39,129 TEST : loss 0.0693637952208519 - f1-score (micro avg)  0.8964
2025-10-24 07:17:39,308  - 0 epochs without improvement
2025-10-24 07:17:39,317 saving best model
2025-10-24 07:18:05,733 ----------------------------------------------------------------------------------------------------
2025-10-24 07:18:09,375 epoch 5 - iter 33/333 - loss 0.05889978 - time (sec): 3.64 - samples/sec: 3931.72 - lr: 0.100000 - momentum: 0.000000
2025-10-24 07:18:12,749 epoch 5 - iter 66/333 - loss 0.05638600 - time (sec): 7.01 - samples/sec: 4017.86 - lr: 0.100000 - momentum: 0.000000
2025-10-24 07:18:16,222 epoch 5 - iter 99/333 - loss 0.06102208 - time (sec): 10.49 - samples/sec: 4043.40 - lr: 0.100000 - momentum: 0.000000
2025-10-24 07:18:21,104 epoch 5 - iter 132/333 - loss 0.06077994 - time (sec): 15.37 - samples/sec: 3656.59 - lr: 0.100000 - momentum: 0.000000
2025-10-24 07:18:25,891 epoch 5 - iter 165/333 - loss 0.06207890 - time (sec): 20.15 - samples/sec: 3487.78 - lr: 0.100000 - momentum: 0.000000
2025-10-24 07:18:29,313 epoch 5 - iter 198/333 - loss 0.06214268 - time (sec): 23.58 - samples/sec: 3553.43 - lr: 0.100000 - momentum: 0.000000
2025-10-24 07:18:33,482 epoch 5 - iter 231/333 - loss 0.06109421 - time (sec): 27.74 - samples/sec: 3504.67 - lr: 0.100000 - momentum: 0.000000
2025-10-24 07:18:37,033 epoch 5 - iter 264/333 - loss 0.06093663 - time (sec): 31.30 - samples/sec: 3548.39 - lr: 0.100000 - momentum: 0.000000
2025-10-24 07:18:40,413 epoch 5 - iter 297/333 - loss 0.06026280 - time (sec): 34.68 - samples/sec: 3597.74 - lr: 0.100000 - momentum: 0.000000
2025-10-24 07:18:44,062 epoch 5 - iter 330/333 - loss 0.05957693 - time (sec): 38.33 - samples/sec: 3610.19 - lr: 0.100000 - momentum: 0.000000
2025-10-24 07:18:44,368 ----------------------------------------------------------------------------------------------------
2025-10-24 07:18:44,370 EPOCH 5 done: loss 0.0595 - lr: 0.100000
2025-10-24 07:19:01,560 DEV : loss 0.042939502745866776 - f1-score (micro avg)  0.9285
2025-10-24 07:19:16,683 TEST : loss 0.06785942614078522 - f1-score (micro avg)  0.9076
2025-10-24 07:19:16,861  - 0 epochs without improvement
2025-10-24 07:19:16,866 saving best model
2025-10-24 07:19:46,222 ----------------------------------------------------------------------------------------------------
2025-10-24 07:19:50,675 epoch 6 - iter 33/333 - loss 0.05639517 - time (sec): 4.45 - samples/sec: 3166.31 - lr: 0.100000 - momentum: 0.000000
2025-10-24 07:19:54,043 epoch 6 - iter 66/333 - loss 0.05423439 - time (sec): 7.82 - samples/sec: 3569.43 - lr: 0.100000 - momentum: 0.000000
2025-10-24 07:19:57,505 epoch 6 - iter 99/333 - loss 0.05625110 - time (sec): 11.28 - samples/sec: 3698.61 - lr: 0.100000 - momentum: 0.000000
2025-10-24 07:20:03,776 epoch 6 - iter 132/333 - loss 0.05739917 - time (sec): 17.55 - samples/sec: 3175.93 - lr: 0.100000 - momentum: 0.000000
2025-10-24 07:20:08,208 epoch 6 - iter 165/333 - loss 0.05653432 - time (sec): 21.98 - samples/sec: 3171.81 - lr: 0.100000 - momentum: 0.000000
2025-10-24 07:20:11,673 epoch 6 - iter 198/333 - loss 0.05544760 - time (sec): 25.45 - samples/sec: 3285.43 - lr: 0.100000 - momentum: 0.000000
2025-10-24 07:20:15,506 epoch 6 - iter 231/333 - loss 0.05590774 - time (sec): 29.28 - samples/sec: 3317.93 - lr: 0.100000 - momentum: 0.000000
2025-10-24 07:20:19,266 epoch 6 - iter 264/333 - loss 0.05529692 - time (sec): 33.04 - samples/sec: 3357.23 - lr: 0.100000 - momentum: 0.000000
2025-10-24 07:20:22,778 epoch 6 - iter 297/333 - loss 0.05538846 - time (sec): 36.55 - samples/sec: 3403.07 - lr: 0.100000 - momentum: 0.000000
2025-10-24 07:20:26,229 epoch 6 - iter 330/333 - loss 0.05514655 - time (sec): 40.01 - samples/sec: 3457.91 - lr: 0.100000 - momentum: 0.000000
2025-10-24 07:20:26,569 ----------------------------------------------------------------------------------------------------
2025-10-24 07:20:26,571 EPOCH 6 done: loss 0.0551 - lr: 0.100000
2025-10-24 07:20:45,673 DEV : loss 0.036816805601119995 - f1-score (micro avg)  0.9356
2025-10-24 07:21:00,916 TEST : loss 0.06673011928796768 - f1-score (micro avg)  0.9068
2025-10-24 07:21:01,095  - 0 epochs without improvement
2025-10-24 07:21:01,114 saving best model
2025-10-24 07:21:32,784 ----------------------------------------------------------------------------------------------------
2025-10-24 07:21:36,276 epoch 7 - iter 33/333 - loss 0.05017005 - time (sec): 3.49 - samples/sec: 3980.34 - lr: 0.100000 - momentum: 0.000000
2025-10-24 07:21:39,770 epoch 7 - iter 66/333 - loss 0.05382523 - time (sec): 6.98 - samples/sec: 3966.77 - lr: 0.100000 - momentum: 0.000000
2025-10-24 07:21:44,191 epoch 7 - iter 99/333 - loss 0.04870854 - time (sec): 11.40 - samples/sec: 3624.26 - lr: 0.100000 - momentum: 0.000000
2025-10-24 07:21:49,475 epoch 7 - iter 132/333 - loss 0.04876375 - time (sec): 16.69 - samples/sec: 3328.45 - lr: 0.100000 - momentum: 0.000000
2025-10-24 07:21:53,427 epoch 7 - iter 165/333 - loss 0.04851096 - time (sec): 20.64 - samples/sec: 3345.17 - lr: 0.100000 - momentum: 0.000000
2025-10-24 07:21:57,036 epoch 7 - iter 198/333 - loss 0.04876968 - time (sec): 24.25 - samples/sec: 3411.64 - lr: 0.100000 - momentum: 0.000000
2025-10-24 07:22:01,026 epoch 7 - iter 231/333 - loss 0.04911009 - time (sec): 28.24 - samples/sec: 3416.25 - lr: 0.100000 - momentum: 0.000000
2025-10-24 07:22:04,468 epoch 7 - iter 264/333 - loss 0.04944115 - time (sec): 31.68 - samples/sec: 3484.03 - lr: 0.100000 - momentum: 0.000000
2025-10-24 07:22:07,893 epoch 7 - iter 297/333 - loss 0.04892138 - time (sec): 35.11 - samples/sec: 3544.73 - lr: 0.100000 - momentum: 0.000000
2025-10-24 07:22:12,269 epoch 7 - iter 330/333 - loss 0.04905766 - time (sec): 39.48 - samples/sec: 3503.95 - lr: 0.100000 - momentum: 0.000000
2025-10-24 07:22:12,531 ----------------------------------------------------------------------------------------------------
2025-10-24 07:22:12,532 EPOCH 7 done: loss 0.0491 - lr: 0.100000
2025-10-24 07:22:28,467 DEV : loss 0.03591957688331604 - f1-score (micro avg)  0.9385
2025-10-24 07:22:45,679 TEST : loss 0.05938923358917236 - f1-score (micro avg)  0.9156
2025-10-24 07:22:45,860  - 0 epochs without improvement
2025-10-24 07:22:45,867 saving best model
2025-10-24 07:23:07,208 ----------------------------------------------------------------------------------------------------
2025-10-24 07:23:10,811 epoch 8 - iter 33/333 - loss 0.04322459 - time (sec): 3.60 - samples/sec: 3923.73 - lr: 0.100000 - momentum: 0.000000
2025-10-24 07:23:14,950 epoch 8 - iter 66/333 - loss 0.04186135 - time (sec): 7.74 - samples/sec: 3516.43 - lr: 0.100000 - momentum: 0.000000
2025-10-24 07:23:18,620 epoch 8 - iter 99/333 - loss 0.04251671 - time (sec): 11.41 - samples/sec: 3567.40 - lr: 0.100000 - momentum: 0.000000
2025-10-24 07:23:24,824 epoch 8 - iter 132/333 - loss 0.04363874 - time (sec): 17.61 - samples/sec: 3112.92 - lr: 0.100000 - momentum: 0.000000
2025-10-24 07:23:30,470 epoch 8 - iter 165/333 - loss 0.04420366 - time (sec): 23.26 - samples/sec: 2947.07 - lr: 0.100000 - momentum: 0.000000
2025-10-24 07:23:33,998 epoch 8 - iter 198/333 - loss 0.04476894 - time (sec): 26.79 - samples/sec: 3069.57 - lr: 0.100000 - momentum: 0.000000
2025-10-24 07:23:37,751 epoch 8 - iter 231/333 - loss 0.04516061 - time (sec): 30.54 - samples/sec: 3177.25 - lr: 0.100000 - momentum: 0.000000
2025-10-24 07:23:41,937 epoch 8 - iter 264/333 - loss 0.04502616 - time (sec): 34.73 - samples/sec: 3168.47 - lr: 0.100000 - momentum: 0.000000
2025-10-24 07:23:45,455 epoch 8 - iter 297/333 - loss 0.04558514 - time (sec): 38.25 - samples/sec: 3237.83 - lr: 0.100000 - momentum: 0.000000
2025-10-24 07:23:48,956 epoch 8 - iter 330/333 - loss 0.04547147 - time (sec): 41.75 - samples/sec: 3311.14 - lr: 0.100000 - momentum: 0.000000
2025-10-24 07:23:49,222 ----------------------------------------------------------------------------------------------------
2025-10-24 07:23:49,223 EPOCH 8 done: loss 0.0455 - lr: 0.100000
2025-10-24 07:24:05,463 DEV : loss 0.03729618340730667 - f1-score (micro avg)  0.935
2025-10-24 07:24:21,685 TEST : loss 0.06682790815830231 - f1-score (micro avg)  0.9096
2025-10-24 07:24:21,871  - 1 epochs without improvement
2025-10-24 07:24:21,880 ----------------------------------------------------------------------------------------------------
2025-10-24 07:24:25,512 epoch 9 - iter 33/333 - loss 0.04345414 - time (sec): 3.63 - samples/sec: 3788.60 - lr: 0.100000 - momentum: 0.000000
2025-10-24 07:24:28,979 epoch 9 - iter 66/333 - loss 0.04088585 - time (sec): 7.10 - samples/sec: 3885.31 - lr: 0.100000 - momentum: 0.000000
2025-10-24 07:24:32,834 epoch 9 - iter 99/333 - loss 0.03979860 - time (sec): 10.95 - samples/sec: 3730.50 - lr: 0.100000 - momentum: 0.000000
2025-10-24 07:24:36,673 epoch 9 - iter 132/333 - loss 0.04111734 - time (sec): 14.79 - samples/sec: 3690.70 - lr: 0.100000 - momentum: 0.000000
2025-10-24 07:24:40,129 epoch 9 - iter 165/333 - loss 0.04189896 - time (sec): 18.25 - samples/sec: 3749.25 - lr: 0.100000 - momentum: 0.000000
2025-10-24 07:24:43,558 epoch 9 - iter 198/333 - loss 0.04262899 - time (sec): 21.68 - samples/sec: 3810.33 - lr: 0.100000 - momentum: 0.000000
2025-10-24 07:24:47,706 epoch 9 - iter 231/333 - loss 0.04292806 - time (sec): 25.82 - samples/sec: 3725.71 - lr: 0.100000 - momentum: 0.000000
2025-10-24 07:24:51,084 epoch 9 - iter 264/333 - loss 0.04276823 - time (sec): 29.20 - samples/sec: 3774.93 - lr: 0.100000 - momentum: 0.000000
2025-10-24 07:24:54,447 epoch 9 - iter 297/333 - loss 0.04236708 - time (sec): 32.57 - samples/sec: 3820.25 - lr: 0.100000 - momentum: 0.000000
2025-10-24 07:24:58,182 epoch 9 - iter 330/333 - loss 0.04269105 - time (sec): 36.30 - samples/sec: 3814.74 - lr: 0.100000 - momentum: 0.000000
2025-10-24 07:24:58,522 ----------------------------------------------------------------------------------------------------
2025-10-24 07:24:58,525 EPOCH 9 done: loss 0.0426 - lr: 0.100000
2025-10-24 07:25:17,220 DEV : loss 0.034255314618349075 - f1-score (micro avg)  0.9443
2025-10-24 07:25:32,654 TEST : loss 0.06324389576911926 - f1-score (micro avg)  0.916
2025-10-24 07:25:32,849  - 0 epochs without improvement
2025-10-24 07:25:32,856 saving best model
2025-10-24 07:26:01,229 ----------------------------------------------------------------------------------------------------
2025-10-24 07:26:05,227 epoch 10 - iter 33/333 - loss 0.04201976 - time (sec): 3.99 - samples/sec: 3439.66 - lr: 0.100000 - momentum: 0.000000
2025-10-24 07:26:08,687 epoch 10 - iter 66/333 - loss 0.04350129 - time (sec): 7.45 - samples/sec: 3685.52 - lr: 0.100000 - momentum: 0.000000
2025-10-24 07:26:12,231 epoch 10 - iter 99/333 - loss 0.04219552 - time (sec): 10.99 - samples/sec: 3760.45 - lr: 0.100000 - momentum: 0.000000
2025-10-24 07:26:18,383 epoch 10 - iter 132/333 - loss 0.04079237 - time (sec): 17.15 - samples/sec: 3227.32 - lr: 0.100000 - momentum: 0.000000
2025-10-24 07:26:22,699 epoch 10 - iter 165/333 - loss 0.04060935 - time (sec): 21.46 - samples/sec: 3199.89 - lr: 0.100000 - momentum: 0.000000
2025-10-24 07:26:25,978 epoch 10 - iter 198/333 - loss 0.04152542 - time (sec): 24.74 - samples/sec: 3318.54 - lr: 0.100000 - momentum: 0.000000
2025-10-24 07:26:30,275 epoch 10 - iter 231/333 - loss 0.04118356 - time (sec): 29.04 - samples/sec: 3301.60 - lr: 0.100000 - momentum: 0.000000
2025-10-24 07:26:33,908 epoch 10 - iter 264/333 - loss 0.04124543 - time (sec): 32.67 - samples/sec: 3359.07 - lr: 0.100000 - momentum: 0.000000
2025-10-24 07:26:37,335 epoch 10 - iter 297/333 - loss 0.04095299 - time (sec): 36.10 - samples/sec: 3433.69 - lr: 0.100000 - momentum: 0.000000
2025-10-24 07:26:40,921 epoch 10 - iter 330/333 - loss 0.04063482 - time (sec): 39.68 - samples/sec: 3487.09 - lr: 0.100000 - momentum: 0.000000
2025-10-24 07:26:41,265 ----------------------------------------------------------------------------------------------------
2025-10-24 07:26:41,270 EPOCH 10 done: loss 0.0405 - lr: 0.100000
2025-10-24 07:26:57,988 DEV : loss 0.03640115633606911 - f1-score (micro avg)  0.9423
2025-10-24 07:27:15,550 TEST : loss 0.06780272722244263 - f1-score (micro avg)  0.9148
2025-10-24 07:27:15,727  - 1 epochs without improvement
2025-10-24 07:27:47,621 ----------------------------------------------------------------------------------------------------
2025-10-24 07:27:47,625 Loading model from best epoch ...
2025-10-24 07:27:50,145 SequenceTagger predicts: Dictionary with 19 tags: O, S-LOC, B-LOC, E-LOC, I-LOC, S-PER, B-PER, E-PER, I-PER, S-ORG, B-ORG, E-ORG, I-ORG, S-MISC, B-MISC, E-MISC, I-MISC, <START>, <STOP>
2025-10-24 07:28:05,922 
Results:
- F-score (micro) 0.916
- F-score (macro) 0.9028
- Accuracy 0.876

By class:
              precision    recall  f1-score   support

         ORG     0.8828    0.8934    0.8881      1661
         LOC     0.9327    0.9305    0.9316      1668
         PER     0.9750    0.9660    0.9705      1617
        MISC     0.8149    0.8276    0.8212       702

   micro avg     0.9150    0.9170    0.9160      5648
   macro avg     0.9013    0.9044    0.9028      5648
weighted avg     0.9155    0.9170    0.9162      5648

2025-10-24 07:28:05,923 ----------------------------------------------------------------------------------------------------
