2025-10-24 08:38:13,444 ----------------------------------------------------------------------------------------------------
2025-10-24 08:38:13,445 Model: "SequenceTagger(
  (embeddings): StackedEmbeddings(
    (list_embedding_0): WordEmbeddings(
      'glove'
      (embedding): Embedding(400001, 100)
    )
    (list_embedding_1): FlairEmbeddings(
      (lm): LanguageModel(
        (drop): Dropout(p=0.05, inplace=False)
        (encoder): Embedding(300, 100)
        (rnn): LSTM(100, 2048)
      )
    )
    (list_embedding_2): FlairEmbeddings(
      (lm): LanguageModel(
        (drop): Dropout(p=0.05, inplace=False)
        (encoder): Embedding(300, 100)
        (rnn): LSTM(100, 2048)
      )
    )
  )
  (word_dropout): WordDropout(p=0.05)
  (locked_dropout): LockedDropout(p=0.5)
  (embedding2nn): Linear(in_features=4196, out_features=4196, bias=True)
  (rnn): LSTM(4196, 256, batch_first=True, bidirectional=True)
  (linear): Linear(in_features=512, out_features=7, bias=True)
  (loss_function): ViterbiLoss()
  (crf): CRF()
)"
2025-10-24 08:38:13,446 ----------------------------------------------------------------------------------------------------
2025-10-24 08:38:13,447 Corpus: 14987 train + 3466 dev + 3684 test sentences
2025-10-24 08:38:13,448 ----------------------------------------------------------------------------------------------------
2025-10-24 08:38:13,449 Train:  14987 sentences
2025-10-24 08:38:13,450         (train_with_dev=False, train_with_test=False)
2025-10-24 08:38:13,451 ----------------------------------------------------------------------------------------------------
2025-10-24 08:38:13,452 Training Params:
2025-10-24 08:38:13,453  - learning_rate: "0.1" 
2025-10-24 08:38:13,454  - mini_batch_size: "32"
2025-10-24 08:38:13,455  - max_epochs: "10"
2025-10-24 08:38:13,456  - shuffle: "True"
2025-10-24 08:38:13,456 ----------------------------------------------------------------------------------------------------
2025-10-24 08:38:13,458 Plugins:
2025-10-24 08:38:13,458  - AnnealOnPlateau | patience: '3', anneal_factor: '0.5', min_learning_rate: '0.0001'
2025-10-24 08:38:13,459 ----------------------------------------------------------------------------------------------------
2025-10-24 08:38:13,460 Final evaluation on model from best epoch (best-model.pt)
2025-10-24 08:38:13,461  - metric: "('micro avg', 'f1-score')"
2025-10-24 08:38:13,462 ----------------------------------------------------------------------------------------------------
2025-10-24 08:38:13,463 Computation:
2025-10-24 08:38:13,464  - compute on device: cuda:0
2025-10-24 08:38:13,465  - embedding storage: cpu
2025-10-24 08:38:13,465 ----------------------------------------------------------------------------------------------------
2025-10-24 08:38:13,466 Model training base path: "/content/drive/MyDrive/jhu_lab5/resources/taggers/model_single_entity"
2025-10-24 08:38:13,467 ----------------------------------------------------------------------------------------------------
2025-10-24 08:38:13,468 ----------------------------------------------------------------------------------------------------
2025-10-24 08:38:31,702 epoch 1 - iter 46/469 - loss 0.39036550 - time (sec): 18.23 - samples/sec: 1127.73 - lr: 0.100000 - momentum: 0.000000
2025-10-24 08:38:49,251 epoch 1 - iter 92/469 - loss 0.26340124 - time (sec): 35.78 - samples/sec: 1152.55 - lr: 0.100000 - momentum: 0.000000
2025-10-24 08:39:05,801 epoch 1 - iter 138/469 - loss 0.20964019 - time (sec): 52.33 - samples/sec: 1158.26 - lr: 0.100000 - momentum: 0.000000
2025-10-24 08:39:22,848 epoch 1 - iter 184/469 - loss 0.17824931 - time (sec): 69.38 - samples/sec: 1153.53 - lr: 0.100000 - momentum: 0.000000
2025-10-24 08:39:40,355 epoch 1 - iter 230/469 - loss 0.15613996 - time (sec): 86.89 - samples/sec: 1152.77 - lr: 0.100000 - momentum: 0.000000
2025-10-24 08:39:58,494 epoch 1 - iter 276/469 - loss 0.14039164 - time (sec): 105.02 - samples/sec: 1151.77 - lr: 0.100000 - momentum: 0.000000
2025-10-24 08:40:20,732 epoch 1 - iter 322/469 - loss 0.12907152 - time (sec): 127.26 - samples/sec: 1109.19 - lr: 0.100000 - momentum: 0.000000
2025-10-24 08:40:38,233 epoch 1 - iter 368/469 - loss 0.12063240 - time (sec): 144.76 - samples/sec: 1112.69 - lr: 0.100000 - momentum: 0.000000
2025-10-24 08:40:56,146 epoch 1 - iter 414/469 - loss 0.11308253 - time (sec): 162.68 - samples/sec: 1113.44 - lr: 0.100000 - momentum: 0.000000
2025-10-24 08:41:13,673 epoch 1 - iter 460/469 - loss 0.10702679 - time (sec): 180.20 - samples/sec: 1115.80 - lr: 0.100000 - momentum: 0.000000
2025-10-24 08:41:17,182 ----------------------------------------------------------------------------------------------------
2025-10-24 08:41:17,183 EPOCH 1 done: loss 0.1059 - lr: 0.100000
2025-10-24 08:41:50,431 DEV : loss 0.025154469534754753 - f1-score (micro avg)  0.9587
2025-10-24 08:42:25,007 TEST : loss 0.036756519228219986 - f1-score (micro avg)  0.9457
2025-10-24 08:42:25,174  - 0 epochs without improvement
2025-10-24 08:42:25,181 saving best model
2025-10-24 08:42:38,860 ----------------------------------------------------------------------------------------------------
2025-10-24 08:42:43,603 epoch 2 - iter 46/469 - loss 0.05094289 - time (sec): 4.74 - samples/sec: 4302.16 - lr: 0.100000 - momentum: 0.000000
2025-10-24 08:42:49,463 epoch 2 - iter 92/469 - loss 0.04751453 - time (sec): 10.60 - samples/sec: 3786.78 - lr: 0.100000 - momentum: 0.000000
2025-10-24 08:42:54,864 epoch 2 - iter 138/469 - loss 0.04766107 - time (sec): 16.00 - samples/sec: 3799.66 - lr: 0.100000 - momentum: 0.000000
2025-10-24 08:42:59,904 epoch 2 - iter 184/469 - loss 0.04656950 - time (sec): 21.04 - samples/sec: 3839.58 - lr: 0.100000 - momentum: 0.000000
2025-10-24 08:43:05,130 epoch 2 - iter 230/469 - loss 0.04529292 - time (sec): 26.27 - samples/sec: 3857.39 - lr: 0.100000 - momentum: 0.000000
2025-10-24 08:43:09,791 epoch 2 - iter 276/469 - loss 0.04490742 - time (sec): 30.93 - samples/sec: 3934.42 - lr: 0.100000 - momentum: 0.000000
2025-10-24 08:43:15,176 epoch 2 - iter 322/469 - loss 0.04468225 - time (sec): 36.31 - samples/sec: 3900.62 - lr: 0.100000 - momentum: 0.000000
2025-10-24 08:43:19,709 epoch 2 - iter 368/469 - loss 0.04459103 - time (sec): 40.85 - samples/sec: 3948.52 - lr: 0.100000 - momentum: 0.000000
2025-10-24 08:43:24,328 epoch 2 - iter 414/469 - loss 0.04436244 - time (sec): 45.47 - samples/sec: 3987.11 - lr: 0.100000 - momentum: 0.000000
2025-10-24 08:43:29,834 epoch 2 - iter 460/469 - loss 0.04404841 - time (sec): 50.97 - samples/sec: 3943.27 - lr: 0.100000 - momentum: 0.000000
2025-10-24 08:43:30,713 ----------------------------------------------------------------------------------------------------
2025-10-24 08:43:30,715 EPOCH 2 done: loss 0.0439 - lr: 0.100000
2025-10-24 08:43:45,169 DEV : loss 0.021916799247264862 - f1-score (micro avg)  0.9634
2025-10-24 08:43:59,072 TEST : loss 0.03759398311376572 - f1-score (micro avg)  0.9458
2025-10-24 08:43:59,234  - 0 epochs without improvement
2025-10-24 08:43:59,239 saving best model
2025-10-24 08:44:15,002 ----------------------------------------------------------------------------------------------------
2025-10-24 08:44:20,647 epoch 3 - iter 46/469 - loss 0.04030325 - time (sec): 5.64 - samples/sec: 3666.68 - lr: 0.100000 - momentum: 0.000000
2025-10-24 08:44:25,131 epoch 3 - iter 92/469 - loss 0.03797879 - time (sec): 10.13 - samples/sec: 3962.21 - lr: 0.100000 - momentum: 0.000000
2025-10-24 08:44:34,779 epoch 3 - iter 138/469 - loss 0.03794089 - time (sec): 19.78 - samples/sec: 2991.79 - lr: 0.100000 - momentum: 0.000000
2025-10-24 08:44:40,077 epoch 3 - iter 184/469 - loss 0.03747121 - time (sec): 25.07 - samples/sec: 3155.09 - lr: 0.100000 - momentum: 0.000000
2025-10-24 08:44:45,105 epoch 3 - iter 230/469 - loss 0.03819234 - time (sec): 30.10 - samples/sec: 3295.14 - lr: 0.100000 - momentum: 0.000000
2025-10-24 08:44:50,327 epoch 3 - iter 276/469 - loss 0.03790607 - time (sec): 35.32 - samples/sec: 3390.79 - lr: 0.100000 - momentum: 0.000000
2025-10-24 08:44:55,061 epoch 3 - iter 322/469 - loss 0.03697183 - time (sec): 40.06 - samples/sec: 3482.16 - lr: 0.100000 - momentum: 0.000000
2025-10-24 08:45:00,453 epoch 3 - iter 368/469 - loss 0.03696333 - time (sec): 45.45 - samples/sec: 3509.49 - lr: 0.100000 - momentum: 0.000000
2025-10-24 08:45:05,138 epoch 3 - iter 414/469 - loss 0.03648731 - time (sec): 50.13 - samples/sec: 3594.41 - lr: 0.100000 - momentum: 0.000000
2025-10-24 08:45:09,979 epoch 3 - iter 460/469 - loss 0.03667434 - time (sec): 54.97 - samples/sec: 3655.78 - lr: 0.100000 - momentum: 0.000000
2025-10-24 08:45:11,132 ----------------------------------------------------------------------------------------------------
2025-10-24 08:45:11,136 EPOCH 3 done: loss 0.0365 - lr: 0.100000
2025-10-24 08:45:26,045 DEV : loss 0.02099253237247467 - f1-score (micro avg)  0.9656
2025-10-24 08:45:40,011 TEST : loss 0.041706424206495285 - f1-score (micro avg)  0.9468
2025-10-24 08:45:40,179  - 0 epochs without improvement
2025-10-24 08:45:40,184 saving best model
2025-10-24 08:45:55,844 ----------------------------------------------------------------------------------------------------
2025-10-24 08:46:00,521 epoch 4 - iter 46/469 - loss 0.03556871 - time (sec): 4.67 - samples/sec: 4244.58 - lr: 0.100000 - momentum: 0.000000
2025-10-24 08:46:06,430 epoch 4 - iter 92/469 - loss 0.03283443 - time (sec): 10.58 - samples/sec: 3844.51 - lr: 0.100000 - momentum: 0.000000
2025-10-24 08:46:12,666 epoch 4 - iter 138/469 - loss 0.03343109 - time (sec): 16.82 - samples/sec: 3593.84 - lr: 0.100000 - momentum: 0.000000
2025-10-24 08:46:18,062 epoch 4 - iter 184/469 - loss 0.03372911 - time (sec): 22.21 - samples/sec: 3633.41 - lr: 0.100000 - momentum: 0.000000
2025-10-24 08:46:22,651 epoch 4 - iter 230/469 - loss 0.03359670 - time (sec): 26.80 - samples/sec: 3748.12 - lr: 0.100000 - momentum: 0.000000
2025-10-24 08:46:27,803 epoch 4 - iter 276/469 - loss 0.03360486 - time (sec): 31.95 - samples/sec: 3780.69 - lr: 0.100000 - momentum: 0.000000
2025-10-24 08:46:32,913 epoch 4 - iter 322/469 - loss 0.03322923 - time (sec): 37.06 - samples/sec: 3802.94 - lr: 0.100000 - momentum: 0.000000
2025-10-24 08:46:37,527 epoch 4 - iter 368/469 - loss 0.03343607 - time (sec): 41.68 - samples/sec: 3863.98 - lr: 0.100000 - momentum: 0.000000
2025-10-24 08:46:42,853 epoch 4 - iter 414/469 - loss 0.03285266 - time (sec): 47.01 - samples/sec: 3845.35 - lr: 0.100000 - momentum: 0.000000
2025-10-24 08:46:47,393 epoch 4 - iter 460/469 - loss 0.03244916 - time (sec): 51.55 - samples/sec: 3894.81 - lr: 0.100000 - momentum: 0.000000
2025-10-24 08:46:48,197 ----------------------------------------------------------------------------------------------------
2025-10-24 08:46:48,198 EPOCH 4 done: loss 0.0323 - lr: 0.100000
2025-10-24 08:47:03,562 DEV : loss 0.02073662355542183 - f1-score (micro avg)  0.9682
2025-10-24 08:47:19,481 TEST : loss 0.03475172072649002 - f1-score (micro avg)  0.9526
2025-10-24 08:47:19,641  - 0 epochs without improvement
2025-10-24 08:47:19,648 saving best model
2025-10-24 08:47:36,537 ----------------------------------------------------------------------------------------------------
2025-10-24 08:47:40,900 epoch 5 - iter 46/469 - loss 0.03145964 - time (sec): 4.36 - samples/sec: 4485.96 - lr: 0.100000 - momentum: 0.000000
2025-10-24 08:47:45,536 epoch 5 - iter 92/469 - loss 0.03191339 - time (sec): 9.00 - samples/sec: 4411.03 - lr: 0.100000 - momentum: 0.000000
2025-10-24 08:47:51,206 epoch 5 - iter 138/469 - loss 0.03072506 - time (sec): 14.67 - samples/sec: 4037.41 - lr: 0.100000 - momentum: 0.000000
2025-10-24 08:47:56,858 epoch 5 - iter 184/469 - loss 0.02930093 - time (sec): 20.32 - samples/sec: 3924.19 - lr: 0.100000 - momentum: 0.000000
2025-10-24 08:48:02,049 epoch 5 - iter 230/469 - loss 0.02918647 - time (sec): 25.51 - samples/sec: 3902.38 - lr: 0.100000 - momentum: 0.000000
2025-10-24 08:48:06,387 epoch 5 - iter 276/469 - loss 0.02936552 - time (sec): 29.85 - samples/sec: 4010.94 - lr: 0.100000 - momentum: 0.000000
2025-10-24 08:48:11,219 epoch 5 - iter 322/469 - loss 0.02910193 - time (sec): 34.68 - samples/sec: 4033.04 - lr: 0.100000 - momentum: 0.000000
2025-10-24 08:48:16,501 epoch 5 - iter 368/469 - loss 0.02925324 - time (sec): 39.96 - samples/sec: 4001.85 - lr: 0.100000 - momentum: 0.000000
2025-10-24 08:48:20,942 epoch 5 - iter 414/469 - loss 0.02880272 - time (sec): 44.40 - samples/sec: 4068.20 - lr: 0.100000 - momentum: 0.000000
2025-10-24 08:48:25,890 epoch 5 - iter 460/469 - loss 0.02901797 - time (sec): 49.35 - samples/sec: 4069.00 - lr: 0.100000 - momentum: 0.000000
2025-10-24 08:48:26,879 ----------------------------------------------------------------------------------------------------
2025-10-24 08:48:26,882 EPOCH 5 done: loss 0.0289 - lr: 0.100000
2025-10-24 08:48:40,874 DEV : loss 0.01852605491876602 - f1-score (micro avg)  0.9683
2025-10-24 08:48:54,423 TEST : loss 0.03527015820145607 - f1-score (micro avg)  0.9505
2025-10-24 08:48:54,585  - 0 epochs without improvement
2025-10-24 08:48:54,591 saving best model
2025-10-24 08:49:10,657 ----------------------------------------------------------------------------------------------------
2025-10-24 08:49:15,619 epoch 6 - iter 46/469 - loss 0.02454349 - time (sec): 4.96 - samples/sec: 4089.25 - lr: 0.100000 - momentum: 0.000000
2025-10-24 08:49:20,429 epoch 6 - iter 92/469 - loss 0.02638286 - time (sec): 9.77 - samples/sec: 4138.57 - lr: 0.100000 - momentum: 0.000000
2025-10-24 08:49:25,507 epoch 6 - iter 138/469 - loss 0.02719553 - time (sec): 14.85 - samples/sec: 4061.39 - lr: 0.100000 - momentum: 0.000000
2025-10-24 08:49:32,590 epoch 6 - iter 184/469 - loss 0.02680138 - time (sec): 21.93 - samples/sec: 3636.50 - lr: 0.100000 - momentum: 0.000000
2025-10-24 08:49:37,000 epoch 6 - iter 230/469 - loss 0.02711701 - time (sec): 26.34 - samples/sec: 3807.53 - lr: 0.100000 - momentum: 0.000000
2025-10-24 08:49:41,657 epoch 6 - iter 276/469 - loss 0.02702418 - time (sec): 31.00 - samples/sec: 3882.04 - lr: 0.100000 - momentum: 0.000000
2025-10-24 08:49:46,910 epoch 6 - iter 322/469 - loss 0.02741309 - time (sec): 36.25 - samples/sec: 3875.23 - lr: 0.100000 - momentum: 0.000000
2025-10-24 08:49:51,263 epoch 6 - iter 368/469 - loss 0.02707244 - time (sec): 40.60 - samples/sec: 3947.39 - lr: 0.100000 - momentum: 0.000000
2025-10-24 08:49:56,201 epoch 6 - iter 414/469 - loss 0.02652827 - time (sec): 45.54 - samples/sec: 3962.01 - lr: 0.100000 - momentum: 0.000000
2025-10-24 08:50:00,874 epoch 6 - iter 460/469 - loss 0.02660544 - time (sec): 50.21 - samples/sec: 3996.08 - lr: 0.100000 - momentum: 0.000000
2025-10-24 08:50:01,755 ----------------------------------------------------------------------------------------------------
2025-10-24 08:50:01,756 EPOCH 6 done: loss 0.0266 - lr: 0.100000
2025-10-24 08:50:18,188 DEV : loss 0.01688052900135517 - f1-score (micro avg)  0.9679
2025-10-24 08:50:31,815 TEST : loss 0.0332256481051445 - f1-score (micro avg)  0.9514
2025-10-24 08:50:31,986  - 1 epochs without improvement
2025-10-24 08:50:31,992 ----------------------------------------------------------------------------------------------------
2025-10-24 08:50:37,305 epoch 7 - iter 46/469 - loss 0.02695636 - time (sec): 5.31 - samples/sec: 3820.69 - lr: 0.100000 - momentum: 0.000000
2025-10-24 08:50:41,617 epoch 7 - iter 92/469 - loss 0.02685016 - time (sec): 9.62 - samples/sec: 4213.40 - lr: 0.100000 - momentum: 0.000000
2025-10-24 08:50:46,302 epoch 7 - iter 138/469 - loss 0.02684682 - time (sec): 14.31 - samples/sec: 4251.13 - lr: 0.100000 - momentum: 0.000000
2025-10-24 08:50:51,486 epoch 7 - iter 184/469 - loss 0.02658127 - time (sec): 19.49 - samples/sec: 4160.87 - lr: 0.100000 - momentum: 0.000000
2025-10-24 08:50:55,956 epoch 7 - iter 230/469 - loss 0.02594681 - time (sec): 23.96 - samples/sec: 4236.77 - lr: 0.100000 - momentum: 0.000000
2025-10-24 08:51:00,768 epoch 7 - iter 276/469 - loss 0.02607439 - time (sec): 28.77 - samples/sec: 4216.57 - lr: 0.100000 - momentum: 0.000000
2025-10-24 08:51:05,433 epoch 7 - iter 322/469 - loss 0.02621234 - time (sec): 33.44 - samples/sec: 4220.71 - lr: 0.100000 - momentum: 0.000000
2025-10-24 08:51:09,819 epoch 7 - iter 368/469 - loss 0.02607872 - time (sec): 37.83 - samples/sec: 4272.52 - lr: 0.100000 - momentum: 0.000000
2025-10-24 08:51:15,863 epoch 7 - iter 414/469 - loss 0.02577942 - time (sec): 43.87 - samples/sec: 4131.12 - lr: 0.100000 - momentum: 0.000000
2025-10-24 08:51:20,223 epoch 7 - iter 460/469 - loss 0.02551763 - time (sec): 48.23 - samples/sec: 4167.36 - lr: 0.100000 - momentum: 0.000000
2025-10-24 08:51:21,028 ----------------------------------------------------------------------------------------------------
2025-10-24 08:51:21,030 EPOCH 7 done: loss 0.0256 - lr: 0.100000
2025-10-24 08:51:35,098 DEV : loss 0.016755683347582817 - f1-score (micro avg)  0.9709
2025-10-24 08:51:48,847 TEST : loss 0.03414211422204971 - f1-score (micro avg)  0.955
2025-10-24 08:51:49,024  - 0 epochs without improvement
2025-10-24 08:51:49,030 saving best model
2025-10-24 08:52:10,829 ----------------------------------------------------------------------------------------------------
2025-10-24 08:52:15,324 epoch 8 - iter 46/469 - loss 0.02609784 - time (sec): 4.49 - samples/sec: 4321.07 - lr: 0.100000 - momentum: 0.000000
2025-10-24 08:52:20,463 epoch 8 - iter 92/469 - loss 0.02357739 - time (sec): 9.63 - samples/sec: 4101.94 - lr: 0.100000 - momentum: 0.000000
2025-10-24 08:52:25,469 epoch 8 - iter 138/469 - loss 0.02474699 - time (sec): 14.64 - samples/sec: 4073.71 - lr: 0.100000 - momentum: 0.000000
2025-10-24 08:52:31,949 epoch 8 - iter 184/469 - loss 0.02459351 - time (sec): 21.12 - samples/sec: 3778.95 - lr: 0.100000 - momentum: 0.000000
2025-10-24 08:52:36,644 epoch 8 - iter 230/469 - loss 0.02489659 - time (sec): 25.81 - samples/sec: 3896.35 - lr: 0.100000 - momentum: 0.000000
2025-10-24 08:52:41,215 epoch 8 - iter 276/469 - loss 0.02454757 - time (sec): 30.38 - samples/sec: 3947.84 - lr: 0.100000 - momentum: 0.000000
2025-10-24 08:52:46,669 epoch 8 - iter 322/469 - loss 0.02458343 - time (sec): 35.84 - samples/sec: 3926.08 - lr: 0.100000 - momentum: 0.000000
2025-10-24 08:52:51,016 epoch 8 - iter 368/469 - loss 0.02434436 - time (sec): 40.18 - samples/sec: 3993.93 - lr: 0.100000 - momentum: 0.000000
2025-10-24 08:52:55,583 epoch 8 - iter 414/469 - loss 0.02450420 - time (sec): 44.75 - samples/sec: 4038.56 - lr: 0.100000 - momentum: 0.000000
2025-10-24 08:53:00,587 epoch 8 - iter 460/469 - loss 0.02441890 - time (sec): 49.75 - samples/sec: 4038.40 - lr: 0.100000 - momentum: 0.000000
2025-10-24 08:53:01,387 ----------------------------------------------------------------------------------------------------
2025-10-24 08:53:01,388 EPOCH 8 done: loss 0.0245 - lr: 0.100000
2025-10-24 08:53:17,760 DEV : loss 0.014257807284593582 - f1-score (micro avg)  0.9733
2025-10-24 08:53:31,456 TEST : loss 0.033985089510679245 - f1-score (micro avg)  0.9539
2025-10-24 08:53:31,636  - 0 epochs without improvement
2025-10-24 08:53:31,641 saving best model
2025-10-24 08:53:44,289 ----------------------------------------------------------------------------------------------------
2025-10-24 08:53:49,599 epoch 9 - iter 46/469 - loss 0.02219409 - time (sec): 5.31 - samples/sec: 3754.62 - lr: 0.100000 - momentum: 0.000000
2025-10-24 08:53:54,556 epoch 9 - iter 92/469 - loss 0.02168201 - time (sec): 10.26 - samples/sec: 3922.58 - lr: 0.100000 - momentum: 0.000000
2025-10-24 08:54:00,742 epoch 9 - iter 138/469 - loss 0.02216737 - time (sec): 16.45 - samples/sec: 3638.27 - lr: 0.100000 - momentum: 0.000000
2025-10-24 08:54:05,589 epoch 9 - iter 184/469 - loss 0.02277310 - time (sec): 21.30 - samples/sec: 3778.15 - lr: 0.100000 - momentum: 0.000000
2025-10-24 08:54:10,308 epoch 9 - iter 230/469 - loss 0.02287237 - time (sec): 26.02 - samples/sec: 3866.19 - lr: 0.100000 - momentum: 0.000000
2025-10-24 08:54:15,572 epoch 9 - iter 276/469 - loss 0.02345111 - time (sec): 31.28 - samples/sec: 3868.74 - lr: 0.100000 - momentum: 0.000000
2025-10-24 08:54:20,134 epoch 9 - iter 322/469 - loss 0.02302245 - time (sec): 35.84 - samples/sec: 3960.96 - lr: 0.100000 - momentum: 0.000000
2025-10-24 08:54:24,406 epoch 9 - iter 368/469 - loss 0.02298717 - time (sec): 40.12 - samples/sec: 4025.10 - lr: 0.100000 - momentum: 0.000000
2025-10-24 08:54:29,514 epoch 9 - iter 414/469 - loss 0.02282442 - time (sec): 45.22 - samples/sec: 4002.20 - lr: 0.100000 - momentum: 0.000000
2025-10-24 08:54:33,940 epoch 9 - iter 460/469 - loss 0.02251740 - time (sec): 49.65 - samples/sec: 4050.98 - lr: 0.100000 - momentum: 0.000000
2025-10-24 08:54:34,743 ----------------------------------------------------------------------------------------------------
2025-10-24 08:54:34,744 EPOCH 9 done: loss 0.0225 - lr: 0.100000
2025-10-24 08:54:48,849 DEV : loss 0.017216041684150696 - f1-score (micro avg)  0.9732
2025-10-24 08:55:05,376 TEST : loss 0.038551755249500275 - f1-score (micro avg)  0.9537
2025-10-24 08:55:05,657  - 1 epochs without improvement
2025-10-24 08:55:05,664 ----------------------------------------------------------------------------------------------------
2025-10-24 08:55:10,531 epoch 10 - iter 46/469 - loss 0.01894591 - time (sec): 4.86 - samples/sec: 4021.25 - lr: 0.100000 - momentum: 0.000000
2025-10-24 08:55:15,016 epoch 10 - iter 92/469 - loss 0.01930554 - time (sec): 9.35 - samples/sec: 4284.55 - lr: 0.100000 - momentum: 0.000000
2025-10-24 08:55:20,154 epoch 10 - iter 138/469 - loss 0.02046507 - time (sec): 14.49 - samples/sec: 4157.10 - lr: 0.100000 - momentum: 0.000000
2025-10-24 08:55:24,680 epoch 10 - iter 184/469 - loss 0.02087326 - time (sec): 19.01 - samples/sec: 4246.48 - lr: 0.100000 - momentum: 0.000000
2025-10-24 08:55:29,135 epoch 10 - iter 230/469 - loss 0.02133045 - time (sec): 23.47 - samples/sec: 4304.73 - lr: 0.100000 - momentum: 0.000000
2025-10-24 08:55:34,483 epoch 10 - iter 276/469 - loss 0.02112848 - time (sec): 28.82 - samples/sec: 4172.52 - lr: 0.100000 - momentum: 0.000000
2025-10-24 08:55:39,432 epoch 10 - iter 322/469 - loss 0.02176252 - time (sec): 33.77 - samples/sec: 4146.29 - lr: 0.100000 - momentum: 0.000000
2025-10-24 08:55:44,497 epoch 10 - iter 368/469 - loss 0.02203815 - time (sec): 38.83 - samples/sec: 4126.40 - lr: 0.100000 - momentum: 0.000000
2025-10-24 08:55:49,485 epoch 10 - iter 414/469 - loss 0.02214210 - time (sec): 43.82 - samples/sec: 4116.79 - lr: 0.100000 - momentum: 0.000000
2025-10-24 08:55:53,980 epoch 10 - iter 460/469 - loss 0.02199720 - time (sec): 48.31 - samples/sec: 4158.14 - lr: 0.100000 - momentum: 0.000000
2025-10-24 08:55:54,874 ----------------------------------------------------------------------------------------------------
2025-10-24 08:55:54,876 EPOCH 10 done: loss 0.0219 - lr: 0.100000
2025-10-24 08:56:10,136 DEV : loss 0.016938667744398117 - f1-score (micro avg)  0.9727
2025-10-24 08:56:24,367 TEST : loss 0.03799887374043465 - f1-score (micro avg)  0.9538
2025-10-24 08:56:24,654  - 2 epochs without improvement
2025-10-24 08:56:47,413 ----------------------------------------------------------------------------------------------------
2025-10-24 08:56:47,418 Loading model from best epoch ...
2025-10-24 08:56:50,873 SequenceTagger predicts: Dictionary with 7 tags: O, S-ENT, B-ENT, E-ENT, I-ENT, <START>, <STOP>
2025-10-24 08:57:05,269 
Results:
- F-score (micro) 0.9539
- F-score (macro) 0.9539
- Accuracy 0.9118

By class:
              precision    recall  f1-score   support

         ENT     0.9465    0.9614    0.9539      5648

   micro avg     0.9465    0.9614    0.9539      5648
   macro avg     0.9465    0.9614    0.9539      5648
weighted avg     0.9465    0.9614    0.9539      5648

2025-10-24 08:57:05,272 ----------------------------------------------------------------------------------------------------
